Consolidate compiler generated dependencies of target car_gazebo_plugin
[100%] Built target car_gazebo_plugin
-- Install configuration: ""
-- Execute custom install script
-- Up-to-date symlink: /home/emmanuel/smartcar/install/smartcar/share/smartcar//urdf/sensors.urdf.xacro
-- Up-to-date symlink: /home/emmanuel/smartcar/install/smartcar/share/smartcar//urdf/smartcar.urdf.xacro
-- Up-to-date symlink: /home/emmanuel/smartcar/install/smartcar/share/smartcar//launch/__pycache__/smartcar_complete.launch.cpython-310.pyc
-- Up-to-date symlink: /home/emmanuel/smartcar/install/smartcar/share/smartcar//launch/gazebo.launch.py
-- Up-to-date symlink: /home/emmanuel/smartcar/install/smartcar/share/smartcar//launch/localization.launch.py
-- Up-to-date symlink: /home/emmanuel/smartcar/install/smartcar/share/smartcar//launch/nav2.launch.py
-- Up-to-date symlink: /home/emmanuel/smartcar/install/smartcar/share/smartcar//launch/smartcar_complete.launch.py
-- Up-to-date symlink: /home/emmanuel/smartcar/install/smartcar/share/smartcar//rviz/nav2.rviz
-- Up-to-date symlink: /home/emmanuel/smartcar/install/smartcar/share/smartcar//rviz/smartcar.rviz
-- Up-to-date symlink: /home/emmanuel/smartcar/install/smartcar/share/smartcar//maps/smalltown.world
-- Up-to-date symlink: /home/emmanuel/smartcar/install/smartcar/share/smartcar//maps/smalltown_world.pgm
-- Up-to-date symlink: /home/emmanuel/smartcar/install/smartcar/share/smartcar//maps/smalltown_world.yaml
-- Up-to-date symlink: /home/emmanuel/smartcar/install/smartcar/share/smartcar//config/ekf.yaml
-- Up-to-date symlink: /home/emmanuel/smartcar/install/smartcar/share/smartcar//config/nav2_params.yaml
-- Up-to-date symlink: /home/emmanuel/smartcar/install/smartcar/share/smartcar//README.md
-- Up-to-date symlink: /home/emmanuel/smartcar/install/smartcar/lib/libcar_gazebo_plugin.so
-- Up-to-date symlink: /home/emmanuel/smartcar/install/smartcar/lib/smartcar//joint_state_publisher.py
-- Up-to-date symlink: /home/emmanuel/smartcar/install/smartcar/lib/smartcar//joy_twist.py
-- Up-to-date symlink: /home/emmanuel/smartcar/install/smartcar/lib/smartcar//vehicle_interface.py
-- Up-to-date symlink: /home/emmanuel/smartcar/install/smartcar/lib/smartcar//wheel_odom.py
-- Up-to-date symlink: /home/emmanuel/smartcar/install/smartcar/share/ament_index/resource_index/package_run_dependencies/smartcar
-- Up-to-date symlink: /home/emmanuel/smartcar/install/smartcar/share/ament_index/resource_index/parent_prefix_path/smartcar
-- Up-to-date symlink: /home/emmanuel/smartcar/install/smartcar/share/smartcar/environment/ament_prefix_path.sh
-- Up-to-date symlink: /home/emmanuel/smartcar/install/smartcar/share/smartcar/environment/ament_prefix_path.dsv
-- Up-to-date symlink: /home/emmanuel/smartcar/install/smartcar/share/smartcar/environment/path.sh
-- Up-to-date symlink: /home/emmanuel/smartcar/install/smartcar/share/smartcar/environment/path.dsv
-- Up-to-date symlink: /home/emmanuel/smartcar/install/smartcar/share/smartcar/local_setup.bash
-- Up-to-date symlink: /home/emmanuel/smartcar/install/smartcar/share/smartcar/local_setup.sh
-- Up-to-date symlink: /home/emmanuel/smartcar/install/smartcar/share/smartcar/local_setup.zsh
-- Up-to-date symlink: /home/emmanuel/smartcar/install/smartcar/share/smartcar/local_setup.dsv
-- Symlinking: /home/emmanuel/smartcar/install/smartcar/share/smartcar/package.dsv
-- Up-to-date symlink: /home/emmanuel/smartcar/install/smartcar/share/ament_index/resource_index/packages/smartcar
-- Up-to-date symlink: /home/emmanuel/smartcar/install/smartcar/share/smartcar/cmake/smartcarConfig.cmake
-- Up-to-date symlink: /home/emmanuel/smartcar/install/smartcar/share/smartcar/cmake/smartcarConfig-version.cmake
-- Up-to-date symlink: /home/emmanuel/smartcar/install/smartcar/share/smartcar/package.xml
