[0.031s] Invoking command in '/home/emmanuel/smartcar/build/smartcar_msgs': CMAKE_PREFIX_PATH=/opt/ros/humble /usr/bin/cmake /home/emmanuel/smartcar/src/smartcar_msgs -DAMENT_CMAKE_SYMLINK_INSTALL=1 -DCMAKE_INSTALL_PREFIX=/home/emmanuel/smartcar/install/smartcar_msgs
[0.217s] -- The C compiler identification is GNU 11.4.0
[0.383s] -- The CXX compiler identification is GNU 11.4.0
[0.401s] -- Detecting C compiler ABI info
[0.662s] -- Detecting C compiler ABI info - done
[0.698s] -- Check for working C compiler: /usr/bin/cc - skipped
[0.700s] -- Detecting C compile features
[0.700s] -- Detecting C compile features - done
[0.711s] -- Detecting CXX compiler ABI info
[0.939s] -- Detecting CXX compiler ABI info - done
[0.978s] -- Check for working CXX compiler: /usr/bin/c++ - skipped
[0.981s] -- Detecting CXX compile features
[0.982s] -- Detecting CXX compile features - done
[0.988s] -- Found ament_cmake: 1.3.12 (/opt/ros/humble/share/ament_cmake/cmake)
[1.287s] -- Found Python3: /usr/bin/python3 (found version "3.10.12") found components: Interpreter 
[1.423s] -- Override CMake install command with custom implementation using symlinks instead of copying resources
[1.474s] -- Found rosidl_default_generators: 1.2.0 (/opt/ros/humble/share/rosidl_default_generators/cmake)
[1.478s] -- Using all available rosidl_typesupport_c: rosidl_typesupport_fastrtps_c;rosidl_typesupport_introspection_c
[1.489s] -- Found rosidl_adapter: 3.1.7 (/opt/ros/humble/share/rosidl_adapter/cmake)
[1.560s] -- Using all available rosidl_typesupport_cpp: rosidl_typesupport_fastrtps_cpp;rosidl_typesupport_introspection_cpp
[1.628s] -- Found rosidl_default_runtime: 1.2.0 (/opt/ros/humble/share/rosidl_default_runtime/cmake)
[1.633s] -- Found std_msgs: 4.9.0 (/opt/ros/humble/share/std_msgs/cmake)
[2.181s] -- Found ament_cmake_ros: 0.10.0 (/opt/ros/humble/share/ament_cmake_ros/cmake)
[2.632s] -- Using all available rosidl_typesupport_c: rosidl_typesupport_fastrtps_c;rosidl_typesupport_introspection_c
[3.235s] -- Using all available rosidl_typesupport_cpp: rosidl_typesupport_fastrtps_cpp;rosidl_typesupport_introspection_cpp
[3.283s] -- Found PythonInterp: /usr/bin/python3 (found suitable version "3.10.12", minimum required is "3.6") 
[3.285s] -- Found python_cmake_module: 0.10.0 (/opt/ros/humble/share/python_cmake_module/cmake)
[3.342s] -- Found PythonLibs: /usr/lib/x86_64-linux-gnu/libpython3.10.so (found suitable version "3.10.12", minimum required is "3.5") 
[3.342s] -- Using PYTHON_EXECUTABLE: /usr/bin/python3
[3.342s] -- Using PYTHON_INCLUDE_DIRS: /usr/include/python3.10
[3.342s] -- Using PYTHON_LIBRARIES: /usr/lib/x86_64-linux-gnu/libpython3.10.so
[3.386s] -- Found PythonExtra: .so  
[3.491s] -- Found ament_lint_auto: 0.12.14 (/opt/ros/humble/share/ament_lint_auto/cmake)
[3.538s] -- Added test 'lint_cmake' to check CMake code style
[3.538s] -- Added test 'xmllint' to check XML markup files
[3.551s] -- Configuring done
[3.638s] -- Generating done
[3.667s] -- Build files have been written to: /home/emmanuel/smartcar/build/smartcar_msgs
[3.679s] Invoked command in '/home/emmanuel/smartcar/build/smartcar_msgs' returned '0': CMAKE_PREFIX_PATH=/opt/ros/humble /usr/bin/cmake /home/emmanuel/smartcar/src/smartcar_msgs -DAMENT_CMAKE_SYMLINK_INSTALL=1 -DCMAKE_INSTALL_PREFIX=/home/emmanuel/smartcar/install/smartcar_msgs
[3.683s] Invoking command in '/home/emmanuel/smartcar/build/smartcar_msgs': CMAKE_PREFIX_PATH=/opt/ros/humble /usr/bin/cmake --build /home/emmanuel/smartcar/build/smartcar_msgs -- -j4 -l4
[3.765s] [  3%] [34m[1mGenerating C code for ROS interfaces[0m
[3.823s] [  6%] [34m[1mGenerating C++ code for ROS interfaces[0m
[3.896s] [  6%] Built target ament_cmake_python_symlink_smartcar_msgs
[4.668s] [  9%] [32mBuilding C object CMakeFiles/smartcar_msgs__rosidl_generator_c.dir/rosidl_generator_c/smartcar_msgs/msg/detail/status__functions.c.o[0m
[4.968s] [ 12%] [32m[1mLinking C shared library libsmartcar_msgs__rosidl_generator_c.so[0m
[5.229s] [ 12%] Built target smartcar_msgs__rosidl_generator_c
[5.306s] [ 16%] [34m[1mGenerating C type support dispatch for ROS interfaces[0m
[5.361s] [ 19%] [34m[1mGenerating C type support for eProsima Fast-RTPS[0m
[5.369s] [ 19%] Built target smartcar_msgs__cpp
[5.429s] running egg_info
[5.434s] creating smartcar_msgs.egg-info
[5.437s] writing smartcar_msgs.egg-info/PKG-INFO
[5.437s] writing dependency_links to smartcar_msgs.egg-info/dependency_links.txt
[5.446s] writing top-level names to smartcar_msgs.egg-info/top_level.txt
[5.447s] writing manifest file 'smartcar_msgs.egg-info/SOURCES.txt'
[5.456s] reading manifest file 'smartcar_msgs.egg-info/SOURCES.txt'
[5.460s] [ 22%] [34m[1mGenerating C introspection for ROS interfaces[0m
[5.465s] writing manifest file 'smartcar_msgs.egg-info/SOURCES.txt'
[5.614s] [ 22%] Built target ament_cmake_python_build_smartcar_msgs_egg
[5.667s] [ 25%] [34m[1mGenerating C++ type support for eProsima Fast-RTPS[0m
[6.879s] [ 29%] [32mBuilding C object CMakeFiles/smartcar_msgs__rosidl_typesupport_introspection_c.dir/rosidl_typesupport_introspection_c/smartcar_msgs/msg/detail/status__type_support.c.o[0m
[7.199s] [ 32%] [32m[1mLinking C shared library libsmartcar_msgs__rosidl_typesupport_introspection_c.so[0m
[7.373s] [ 32%] Built target smartcar_msgs__rosidl_typesupport_introspection_c
[7.401s] [ 35%] [32mBuilding CXX object CMakeFiles/smartcar_msgs__rosidl_typesupport_fastrtps_c.dir/rosidl_typesupport_fastrtps_c/smartcar_msgs/msg/detail/status__type_support_c.cpp.o[0m
[7.427s] [ 38%] [32mBuilding CXX object CMakeFiles/smartcar_msgs__rosidl_typesupport_c.dir/rosidl_typesupport_c/smartcar_msgs/msg/status__type_support.cpp.o[0m
[7.445s] [ 41%] [34m[1mGenerating C++ introspection for ROS interfaces[0m
[7.735s] [ 45%] [32m[1mLinking CXX shared library libsmartcar_msgs__rosidl_typesupport_c.so[0m
[7.860s] [ 48%] [32mBuilding CXX object CMakeFiles/smartcar_msgs__rosidl_typesupport_fastrtps_cpp.dir/rosidl_typesupport_fastrtps_cpp/smartcar_msgs/msg/detail/dds_fastrtps/status__type_support.cpp.o[0m
[8.145s] [ 48%] Built target smartcar_msgs__rosidl_typesupport_c
[8.271s] [ 51%] [34m[1mGenerating C++ type support dispatch for ROS interfaces[0m
[10.152s] [ 54%] [32mBuilding CXX object CMakeFiles/smartcar_msgs__rosidl_typesupport_introspection_cpp.dir/rosidl_typesupport_introspection_cpp/smartcar_msgs/msg/detail/status__type_support.cpp.o[0m
[10.599s] [ 58%] [32m[1mLinking CXX shared library libsmartcar_msgs__rosidl_typesupport_fastrtps_cpp.so[0m
[11.232s] [ 61%] [32mBuilding CXX object CMakeFiles/smartcar_msgs__rosidl_typesupport_cpp.dir/rosidl_typesupport_cpp/smartcar_msgs/msg/status__type_support.cpp.o[0m
[11.406s] [ 61%] Built target smartcar_msgs__rosidl_typesupport_fastrtps_cpp
[11.484s] [ 64%] [32m[1mLinking CXX shared library libsmartcar_msgs__rosidl_typesupport_fastrtps_c.so[0m
[11.817s] [ 67%] [32m[1mLinking CXX shared library libsmartcar_msgs__rosidl_typesupport_introspection_cpp.so[0m
[12.074s] [ 67%] Built target smartcar_msgs__rosidl_typesupport_fastrtps_c
[12.201s] [ 67%] Built target smartcar_msgs__rosidl_typesupport_introspection_cpp
[12.944s] [ 70%] [32m[1mLinking CXX shared library libsmartcar_msgs__rosidl_typesupport_cpp.so[0m
[13.137s] [ 70%] Built target smartcar_msgs__rosidl_typesupport_cpp
[13.277s] [ 70%] Built target smartcar_msgs
[13.346s] [ 74%] [34m[1mGenerating Python code for ROS interfaces[0m
[14.401s] [ 74%] Built target smartcar_msgs__py
[14.455s] [ 77%] [32mBuilding C object CMakeFiles/smartcar_msgs__rosidl_generator_py.dir/rosidl_generator_py/smartcar_msgs/msg/_status_s.c.o[0m
[14.764s] [ 80%] [32m[1mLinking C shared library rosidl_generator_py/smartcar_msgs/libsmartcar_msgs__rosidl_generator_py.so[0m
[14.882s] [ 80%] Built target smartcar_msgs__rosidl_generator_py
[14.935s] [ 83%] [32mBuilding C object CMakeFiles/smartcar_msgs__rosidl_typesupport_introspection_c__pyext.dir/rosidl_generator_py/smartcar_msgs/_smartcar_msgs_s.ep.rosidl_typesupport_introspection_c.c.o[0m
[14.938s] [ 87%] [32mBuilding C object CMakeFiles/smartcar_msgs__rosidl_typesupport_fastrtps_c__pyext.dir/rosidl_generator_py/smartcar_msgs/_smartcar_msgs_s.ep.rosidl_typesupport_fastrtps_c.c.o[0m
[14.939s] [ 90%] [32mBuilding C object CMakeFiles/smartcar_msgs__rosidl_typesupport_c__pyext.dir/rosidl_generator_py/smartcar_msgs/_smartcar_msgs_s.ep.rosidl_typesupport_c.c.o[0m
[15.219s] [ 93%] [32m[1mLinking C shared library rosidl_generator_py/smartcar_msgs/smartcar_msgs_s__rosidl_typesupport_c.cpython-310-x86_64-linux-gnu.so[0m
[15.238s] [ 96%] [32m[1mLinking C shared library rosidl_generator_py/smartcar_msgs/smartcar_msgs_s__rosidl_typesupport_introspection_c.cpython-310-x86_64-linux-gnu.so[0m
[15.325s] [ 96%] Built target smartcar_msgs__rosidl_typesupport_c__pyext
[15.353s] [ 96%] Built target smartcar_msgs__rosidl_typesupport_introspection_c__pyext
[15.358s] [100%] [32m[1mLinking C shared library rosidl_generator_py/smartcar_msgs/smartcar_msgs_s__rosidl_typesupport_fastrtps_c.cpython-310-x86_64-linux-gnu.so[0m
[15.432s] [100%] Built target smartcar_msgs__rosidl_typesupport_fastrtps_c__pyext
[15.457s] Invoked command in '/home/emmanuel/smartcar/build/smartcar_msgs' returned '0': CMAKE_PREFIX_PATH=/opt/ros/humble /usr/bin/cmake --build /home/emmanuel/smartcar/build/smartcar_msgs -- -j4 -l4
[15.476s] Invoking command in '/home/emmanuel/smartcar/build/smartcar_msgs': CMAKE_PREFIX_PATH=/opt/ros/humble /usr/bin/cmake --install /home/emmanuel/smartcar/build/smartcar_msgs
[15.491s] -- Install configuration: ""
[15.493s] -- Execute custom install script
[15.493s] -- Symlinking: /home/emmanuel/smartcar/install/smartcar_msgs/share/ament_index/resource_index/rosidl_interfaces/smartcar_msgs
[15.512s] -- Symlinking: /home/emmanuel/smartcar/install/smartcar_msgs/include/smartcar_msgs/smartcar_msgs/msg/detail/status__functions.h
[15.527s] -- Symlinking: /home/emmanuel/smartcar/install/smartcar_msgs/include/smartcar_msgs/smartcar_msgs/msg/detail/status__struct.h
[15.542s] -- Symlinking: /home/emmanuel/smartcar/install/smartcar_msgs/include/smartcar_msgs/smartcar_msgs/msg/detail/status__type_support.h
[15.556s] -- Symlinking: /home/emmanuel/smartcar/install/smartcar_msgs/include/smartcar_msgs/smartcar_msgs/msg/rosidl_generator_c__visibility_control.h
[15.574s] -- Symlinking: /home/emmanuel/smartcar/install/smartcar_msgs/include/smartcar_msgs/smartcar_msgs/msg/status.h
[15.591s] -- Symlinking: /home/emmanuel/smartcar/install/smartcar_msgs/share/smartcar_msgs/environment/library_path.sh
[15.611s] -- Symlinking: /home/emmanuel/smartcar/install/smartcar_msgs/share/smartcar_msgs/environment/library_path.dsv
[15.625s] -- Symlinking: /home/emmanuel/smartcar/install/smartcar_msgs/include/smartcar_msgs/smartcar_msgs/msg/detail/status__rosidl_typesupport_fastrtps_c.h
[15.643s] -- Symlinking: /home/emmanuel/smartcar/install/smartcar_msgs/include/smartcar_msgs/smartcar_msgs/msg/rosidl_typesupport_fastrtps_c__visibility_control.h
[15.659s] -- Symlinking: /home/emmanuel/smartcar/install/smartcar_msgs/include/smartcar_msgs/smartcar_msgs/msg/detail/status__rosidl_typesupport_introspection_c.h
[15.675s] -- Symlinking: /home/emmanuel/smartcar/install/smartcar_msgs/include/smartcar_msgs/smartcar_msgs/msg/rosidl_typesupport_introspection_c__visibility_control.h
[15.694s] -- Symlinking: /home/emmanuel/smartcar/install/smartcar_msgs/include/smartcar_msgs/smartcar_msgs/msg/detail/status__builder.hpp
[15.711s] -- Symlinking: /home/emmanuel/smartcar/install/smartcar_msgs/include/smartcar_msgs/smartcar_msgs/msg/detail/status__struct.hpp
[15.726s] -- Symlinking: /home/emmanuel/smartcar/install/smartcar_msgs/include/smartcar_msgs/smartcar_msgs/msg/detail/status__traits.hpp
[15.744s] -- Symlinking: /home/emmanuel/smartcar/install/smartcar_msgs/include/smartcar_msgs/smartcar_msgs/msg/detail/status__type_support.hpp
[15.758s] -- Symlinking: /home/emmanuel/smartcar/install/smartcar_msgs/include/smartcar_msgs/smartcar_msgs/msg/rosidl_generator_cpp__visibility_control.hpp
[15.773s] -- Symlinking: /home/emmanuel/smartcar/install/smartcar_msgs/include/smartcar_msgs/smartcar_msgs/msg/status.hpp
[15.791s] -- Symlinking: /home/emmanuel/smartcar/install/smartcar_msgs/include/smartcar_msgs/smartcar_msgs/msg/detail/status__rosidl_typesupport_fastrtps_cpp.hpp
[15.806s] -- Symlinking: /home/emmanuel/smartcar/install/smartcar_msgs/include/smartcar_msgs/smartcar_msgs/msg/rosidl_typesupport_fastrtps_cpp__visibility_control.h
[15.821s] -- Symlinking: /home/emmanuel/smartcar/install/smartcar_msgs/include/smartcar_msgs/smartcar_msgs/msg/detail/status__rosidl_typesupport_introspection_cpp.hpp
[15.835s] -- Symlinking: /home/emmanuel/smartcar/install/smartcar_msgs/share/smartcar_msgs/environment/pythonpath.sh
[15.850s] -- Symlinking: /home/emmanuel/smartcar/install/smartcar_msgs/share/smartcar_msgs/environment/pythonpath.dsv
[15.871s] -- Symlinking: /home/emmanuel/smartcar/install/smartcar_msgs/local/lib/python3.10/dist-packages/smartcar_msgs-0.0.0-py3.10.egg-info/PKG-INFO
[15.894s] -- Symlinking: /home/emmanuel/smartcar/install/smartcar_msgs/local/lib/python3.10/dist-packages/smartcar_msgs-0.0.0-py3.10.egg-info/SOURCES.txt
[15.910s] -- Symlinking: /home/emmanuel/smartcar/install/smartcar_msgs/local/lib/python3.10/dist-packages/smartcar_msgs-0.0.0-py3.10.egg-info/dependency_links.txt
[15.923s] -- Symlinking: /home/emmanuel/smartcar/install/smartcar_msgs/local/lib/python3.10/dist-packages/smartcar_msgs-0.0.0-py3.10.egg-info/top_level.txt
[15.939s] -- Symlinking: /home/emmanuel/smartcar/install/smartcar_msgs/local/lib/python3.10/dist-packages/smartcar_msgs/__init__.py
[15.956s] -- Symlinking: /home/emmanuel/smartcar/install/smartcar_msgs/local/lib/python3.10/dist-packages/smartcar_msgs/_smartcar_msgs_s.ep.rosidl_typesupport_c.c
[15.971s] -- Symlinking: /home/emmanuel/smartcar/install/smartcar_msgs/local/lib/python3.10/dist-packages/smartcar_msgs/_smartcar_msgs_s.ep.rosidl_typesupport_fastrtps_c.c
[15.986s] -- Symlinking: /home/emmanuel/smartcar/install/smartcar_msgs/local/lib/python3.10/dist-packages/smartcar_msgs/_smartcar_msgs_s.ep.rosidl_typesupport_introspection_c.c
[16.004s] -- Symlinking: /home/emmanuel/smartcar/install/smartcar_msgs/local/lib/python3.10/dist-packages/smartcar_msgs/libsmartcar_msgs__rosidl_generator_py.so
[16.020s] -- Symlinking: /home/emmanuel/smartcar/install/smartcar_msgs/local/lib/python3.10/dist-packages/smartcar_msgs/msg/__init__.py
[16.034s] -- Symlinking: /home/emmanuel/smartcar/install/smartcar_msgs/local/lib/python3.10/dist-packages/smartcar_msgs/msg/_status.py
[16.046s] -- Symlinking: /home/emmanuel/smartcar/install/smartcar_msgs/local/lib/python3.10/dist-packages/smartcar_msgs/msg/_status_s.c
[16.061s] -- Symlinking: /home/emmanuel/smartcar/install/smartcar_msgs/local/lib/python3.10/dist-packages/smartcar_msgs/smartcar_msgs_s__rosidl_typesupport_c.cpython-310-x86_64-linux-gnu.so
[16.076s] -- Symlinking: /home/emmanuel/smartcar/install/smartcar_msgs/local/lib/python3.10/dist-packages/smartcar_msgs/smartcar_msgs_s__rosidl_typesupport_fastrtps_c.cpython-310-x86_64-linux-gnu.so
[16.089s] -- Symlinking: /home/emmanuel/smartcar/install/smartcar_msgs/local/lib/python3.10/dist-packages/smartcar_msgs/smartcar_msgs_s__rosidl_typesupport_introspection_c.cpython-310-x86_64-linux-gnu.so
[16.105s] -- Up-to-date symlink: /home/emmanuel/smartcar/install/smartcar_msgs/local/lib/python3.10/dist-packages/smartcar_msgs/smartcar_msgs_s__rosidl_typesupport_fastrtps_c.cpython-310-x86_64-linux-gnu.so
[16.106s] -- Up-to-date symlink: /home/emmanuel/smartcar/install/smartcar_msgs/local/lib/python3.10/dist-packages/smartcar_msgs/smartcar_msgs_s__rosidl_typesupport_introspection_c.cpython-310-x86_64-linux-gnu.so
[16.107s] -- Up-to-date symlink: /home/emmanuel/smartcar/install/smartcar_msgs/local/lib/python3.10/dist-packages/smartcar_msgs/smartcar_msgs_s__rosidl_typesupport_c.cpython-310-x86_64-linux-gnu.so
[16.108s] -- Symlinking: /home/emmanuel/smartcar/install/smartcar_msgs/share/smartcar_msgs/msg/Status.idl
[16.128s] -- Symlinking: /home/emmanuel/smartcar/install/smartcar_msgs/share/smartcar_msgs/msg/Status.msg
[16.144s] -- Symlinking: /home/emmanuel/smartcar/install/smartcar_msgs/share/smartcar_msgs//README.md
[16.158s] -- Symlinking: /home/emmanuel/smartcar/install/smartcar_msgs/share/ament_index/resource_index/package_run_dependencies/smartcar_msgs
[16.172s] -- Symlinking: /home/emmanuel/smartcar/install/smartcar_msgs/share/ament_index/resource_index/parent_prefix_path/smartcar_msgs
[16.189s] -- Symlinking: /home/emmanuel/smartcar/install/smartcar_msgs/share/smartcar_msgs/environment/ament_prefix_path.sh
[16.204s] -- Symlinking: /home/emmanuel/smartcar/install/smartcar_msgs/share/smartcar_msgs/environment/ament_prefix_path.dsv
[16.221s] -- Symlinking: /home/emmanuel/smartcar/install/smartcar_msgs/share/smartcar_msgs/environment/path.sh
[16.253s] -- Symlinking: /home/emmanuel/smartcar/install/smartcar_msgs/share/smartcar_msgs/environment/path.dsv
[16.272s] -- Symlinking: /home/emmanuel/smartcar/install/smartcar_msgs/share/smartcar_msgs/local_setup.bash
[16.292s] -- Symlinking: /home/emmanuel/smartcar/install/smartcar_msgs/share/smartcar_msgs/local_setup.sh
[16.313s] -- Symlinking: /home/emmanuel/smartcar/install/smartcar_msgs/share/smartcar_msgs/local_setup.zsh
[16.332s] -- Symlinking: /home/emmanuel/smartcar/install/smartcar_msgs/share/smartcar_msgs/local_setup.dsv
[16.352s] -- Symlinking: /home/emmanuel/smartcar/install/smartcar_msgs/share/smartcar_msgs/package.dsv
[16.372s] -- Symlinking: /home/emmanuel/smartcar/install/smartcar_msgs/share/ament_index/resource_index/packages/smartcar_msgs
[16.395s] -- Symlinking: /home/emmanuel/smartcar/install/smartcar_msgs/share/smartcar_msgs/cmake/rosidl_cmake-extras.cmake
[16.415s] -- Symlinking: /home/emmanuel/smartcar/install/smartcar_msgs/share/smartcar_msgs/cmake/ament_cmake_export_dependencies-extras.cmake
[16.435s] -- Symlinking: /home/emmanuel/smartcar/install/smartcar_msgs/share/smartcar_msgs/cmake/ament_cmake_export_include_directories-extras.cmake
[16.457s] -- Symlinking: /home/emmanuel/smartcar/install/smartcar_msgs/share/smartcar_msgs/cmake/ament_cmake_export_libraries-extras.cmake
[16.488s] -- Symlinking: /home/emmanuel/smartcar/install/smartcar_msgs/share/smartcar_msgs/cmake/ament_cmake_export_targets-extras.cmake
[16.506s] -- Symlinking: /home/emmanuel/smartcar/install/smartcar_msgs/share/smartcar_msgs/cmake/rosidl_cmake_export_typesupport_targets-extras.cmake
[16.554s] -- Symlinking: /home/emmanuel/smartcar/install/smartcar_msgs/share/smartcar_msgs/cmake/rosidl_cmake_export_typesupport_libraries-extras.cmake
[16.575s] -- Symlinking: /home/emmanuel/smartcar/install/smartcar_msgs/share/smartcar_msgs/cmake/smartcar_msgsConfig.cmake
[16.600s] -- Symlinking: /home/emmanuel/smartcar/install/smartcar_msgs/share/smartcar_msgs/cmake/smartcar_msgsConfig-version.cmake
[16.622s] -- Symlinking: /home/emmanuel/smartcar/install/smartcar_msgs/share/smartcar_msgs/package.xml
[16.639s] -- Installing: /home/emmanuel/smartcar/install/smartcar_msgs/lib/libsmartcar_msgs__rosidl_generator_c.so
[16.640s] -- Set runtime path of "/home/emmanuel/smartcar/install/smartcar_msgs/lib/libsmartcar_msgs__rosidl_generator_c.so" to ""
[16.641s] -- Installing: /home/emmanuel/smartcar/install/smartcar_msgs/lib/libsmartcar_msgs__rosidl_typesupport_fastrtps_c.so
[16.643s] -- Set runtime path of "/home/emmanuel/smartcar/install/smartcar_msgs/lib/libsmartcar_msgs__rosidl_typesupport_fastrtps_c.so" to ""
[16.644s] -- Installing: /home/emmanuel/smartcar/install/smartcar_msgs/lib/libsmartcar_msgs__rosidl_typesupport_introspection_c.so
[16.645s] -- Set runtime path of "/home/emmanuel/smartcar/install/smartcar_msgs/lib/libsmartcar_msgs__rosidl_typesupport_introspection_c.so" to ""
[16.646s] -- Installing: /home/emmanuel/smartcar/install/smartcar_msgs/lib/libsmartcar_msgs__rosidl_typesupport_c.so
[16.647s] -- Set runtime path of "/home/emmanuel/smartcar/install/smartcar_msgs/lib/libsmartcar_msgs__rosidl_typesupport_c.so" to ""
[16.648s] -- Installing: /home/emmanuel/smartcar/install/smartcar_msgs/lib/libsmartcar_msgs__rosidl_typesupport_fastrtps_cpp.so
[16.649s] -- Set runtime path of "/home/emmanuel/smartcar/install/smartcar_msgs/lib/libsmartcar_msgs__rosidl_typesupport_fastrtps_cpp.so" to ""
[16.649s] -- Installing: /home/emmanuel/smartcar/install/smartcar_msgs/lib/libsmartcar_msgs__rosidl_typesupport_introspection_cpp.so
[16.649s] -- Set runtime path of "/home/emmanuel/smartcar/install/smartcar_msgs/lib/libsmartcar_msgs__rosidl_typesupport_introspection_cpp.so" to ""
[16.650s] -- Installing: /home/emmanuel/smartcar/install/smartcar_msgs/lib/libsmartcar_msgs__rosidl_typesupport_cpp.so
[16.650s] -- Set runtime path of "/home/emmanuel/smartcar/install/smartcar_msgs/lib/libsmartcar_msgs__rosidl_typesupport_cpp.so" to ""
[16.742s] Listing '/home/emmanuel/smartcar/install/smartcar_msgs/local/lib/python3.10/dist-packages/smartcar_msgs'...
[16.742s] Compiling '/home/emmanuel/smartcar/install/smartcar_msgs/local/lib/python3.10/dist-packages/smartcar_msgs/__init__.py'...
[16.742s] Listing '/home/emmanuel/smartcar/install/smartcar_msgs/local/lib/python3.10/dist-packages/smartcar_msgs/msg'...
[16.743s] Compiling '/home/emmanuel/smartcar/install/smartcar_msgs/local/lib/python3.10/dist-packages/smartcar_msgs/msg/__init__.py'...
[16.743s] Compiling '/home/emmanuel/smartcar/install/smartcar_msgs/local/lib/python3.10/dist-packages/smartcar_msgs/msg/_status.py'...
[16.757s] -- Installing: /home/emmanuel/smartcar/install/smartcar_msgs/lib/libsmartcar_msgs__rosidl_generator_py.so
[16.759s] -- Set runtime path of "/home/emmanuel/smartcar/install/smartcar_msgs/lib/libsmartcar_msgs__rosidl_generator_py.so" to ""
[16.759s] -- Installing: /home/emmanuel/smartcar/install/smartcar_msgs/share/smartcar_msgs/cmake/export_smartcar_msgs__rosidl_generator_cExport.cmake
[16.760s] -- Installing: /home/emmanuel/smartcar/install/smartcar_msgs/share/smartcar_msgs/cmake/export_smartcar_msgs__rosidl_generator_cExport-noconfig.cmake
[16.761s] -- Installing: /home/emmanuel/smartcar/install/smartcar_msgs/share/smartcar_msgs/cmake/export_smartcar_msgs__rosidl_typesupport_fastrtps_cExport.cmake
[16.762s] -- Installing: /home/emmanuel/smartcar/install/smartcar_msgs/share/smartcar_msgs/cmake/export_smartcar_msgs__rosidl_typesupport_fastrtps_cExport-noconfig.cmake
[16.763s] -- Installing: /home/emmanuel/smartcar/install/smartcar_msgs/share/smartcar_msgs/cmake/smartcar_msgs__rosidl_typesupport_introspection_cExport.cmake
[16.764s] -- Installing: /home/emmanuel/smartcar/install/smartcar_msgs/share/smartcar_msgs/cmake/smartcar_msgs__rosidl_typesupport_introspection_cExport-noconfig.cmake
[16.764s] -- Installing: /home/emmanuel/smartcar/install/smartcar_msgs/share/smartcar_msgs/cmake/smartcar_msgs__rosidl_typesupport_cExport.cmake
[16.765s] -- Installing: /home/emmanuel/smartcar/install/smartcar_msgs/share/smartcar_msgs/cmake/smartcar_msgs__rosidl_typesupport_cExport-noconfig.cmake
[16.766s] -- Installing: /home/emmanuel/smartcar/install/smartcar_msgs/share/smartcar_msgs/cmake/export_smartcar_msgs__rosidl_generator_cppExport.cmake
[16.767s] -- Installing: /home/emmanuel/smartcar/install/smartcar_msgs/share/smartcar_msgs/cmake/export_smartcar_msgs__rosidl_typesupport_fastrtps_cppExport.cmake
[16.769s] -- Installing: /home/emmanuel/smartcar/install/smartcar_msgs/share/smartcar_msgs/cmake/export_smartcar_msgs__rosidl_typesupport_fastrtps_cppExport-noconfig.cmake
[16.769s] -- Installing: /home/emmanuel/smartcar/install/smartcar_msgs/share/smartcar_msgs/cmake/smartcar_msgs__rosidl_typesupport_introspection_cppExport.cmake
[16.769s] -- Installing: /home/emmanuel/smartcar/install/smartcar_msgs/share/smartcar_msgs/cmake/smartcar_msgs__rosidl_typesupport_introspection_cppExport-noconfig.cmake
[16.770s] -- Installing: /home/emmanuel/smartcar/install/smartcar_msgs/share/smartcar_msgs/cmake/smartcar_msgs__rosidl_typesupport_cppExport.cmake
[16.770s] -- Installing: /home/emmanuel/smartcar/install/smartcar_msgs/share/smartcar_msgs/cmake/smartcar_msgs__rosidl_typesupport_cppExport-noconfig.cmake
[16.771s] -- Installing: /home/emmanuel/smartcar/install/smartcar_msgs/share/smartcar_msgs/cmake/export_smartcar_msgs__rosidl_generator_pyExport.cmake
[16.771s] -- Installing: /home/emmanuel/smartcar/install/smartcar_msgs/share/smartcar_msgs/cmake/export_smartcar_msgs__rosidl_generator_pyExport-noconfig.cmake
[16.777s] Invoked command in '/home/emmanuel/smartcar/build/smartcar_msgs' returned '0': CMAKE_PREFIX_PATH=/opt/ros/humble /usr/bin/cmake --install /home/emmanuel/smartcar/build/smartcar_msgs
