[0.202s] DEBUG:colcon:Command line arguments: ['/usr/bin/colcon', 'build', '--symlink-install']
[0.203s] DEBUG:colcon:Parsed command line arguments: Namespace(log_base=None, log_level=None, verb_name='build', build_base='build', install_base='install', merge_install=False, symlink_install=True, test_result_base=None, continue_on_error=False, executor='parallel', parallel_workers=4, event_handlers=None, ignore_user_meta=False, metas=['./colcon.meta'], base_paths=['.'], packages_ignore=None, packages_ignore_regex=None, paths=None, packages_up_to=None, packages_up_to_regex=None, packages_above=None, packages_above_and_dependencies=None, packages_above_depth=None, packages_select_by_dep=None, packages_skip_by_dep=None, packages_skip_up_to=None, packages_select_build_failed=False, packages_skip_build_finished=False, packages_select_test_failures=False, packages_skip_test_passed=False, packages_select=None, packages_skip=None, packages_select_regex=None, packages_skip_regex=None, packages_start=None, packages_end=None, allow_overriding=[], cmake_args=None, cmake_target=None, cmake_target_skip_unavailable=False, cmake_clean_cache=False, cmake_clean_first=False, cmake_force_configure=False, ament_cmake_args=None, catkin_cmake_args=None, catkin_skip_building_tests=False, mixin_files=None, mixin=None, verb_parser=<colcon_mixin.mixin.mixin_argument.MixinArgumentDecorator object at 0x75a98a849900>, verb_extension=<colcon_core.verb.build.BuildVerb object at 0x75a98a9c32e0>, main=<bound method BuildVerb.main of <colcon_core.verb.build.BuildVerb object at 0x75a98a9c32e0>>, mixin_verb=('build',))
[0.519s] Level 1:colcon.colcon_core.package_discovery:discover_packages(colcon_meta) check parameters
[0.519s] Level 1:colcon.colcon_core.package_discovery:discover_packages(recursive) check parameters
[0.519s] Level 1:colcon.colcon_core.package_discovery:discover_packages(ignore) check parameters
[0.519s] Level 1:colcon.colcon_core.package_discovery:discover_packages(path) check parameters
[0.519s] Level 1:colcon.colcon_core.package_discovery:discover_packages(colcon_meta) discover
[0.519s] Level 1:colcon.colcon_core.package_discovery:discover_packages(recursive) discover
[0.519s] INFO:colcon.colcon_core.package_discovery:Crawling recursively for packages in '/home/emmanuel/smartcar'
[0.519s] Level 1:colcon.colcon_core.package_identification:_identify(.) by extensions ['ignore', 'ignore_ament_install']
[0.519s] Level 1:colcon.colcon_core.package_identification:_identify(.) by extension 'ignore'
[0.520s] Level 1:colcon.colcon_core.package_identification:_identify(.) by extension 'ignore_ament_install'
[0.520s] Level 1:colcon.colcon_core.package_identification:_identify(.) by extensions ['colcon_pkg']
[0.520s] Level 1:colcon.colcon_core.package_identification:_identify(.) by extension 'colcon_pkg'
[0.520s] Level 1:colcon.colcon_core.package_identification:_identify(.) by extensions ['colcon_meta']
[0.520s] Level 1:colcon.colcon_core.package_identification:_identify(.) by extension 'colcon_meta'
[0.520s] Level 1:colcon.colcon_core.package_identification:_identify(.) by extensions ['ros']
[0.520s] Level 1:colcon.colcon_core.package_identification:_identify(.) by extension 'ros'
[0.538s] Level 1:colcon.colcon_core.package_identification:_identify(.) by extensions ['cmake', 'python']
[0.538s] Level 1:colcon.colcon_core.package_identification:_identify(.) by extension 'cmake'
[0.538s] Level 1:colcon.colcon_core.package_identification:_identify(.) by extension 'python'
[0.538s] Level 1:colcon.colcon_core.package_identification:_identify(.) by extensions ['python_setup_py']
[0.538s] Level 1:colcon.colcon_core.package_identification:_identify(.) by extension 'python_setup_py'
[0.538s] Level 1:colcon.colcon_core.package_identification:_identify(__pycache__) by extensions ['ignore', 'ignore_ament_install']
[0.538s] Level 1:colcon.colcon_core.package_identification:_identify(__pycache__) by extension 'ignore'
[0.539s] Level 1:colcon.colcon_core.package_identification:_identify(__pycache__) by extension 'ignore_ament_install'
[0.539s] Level 1:colcon.colcon_core.package_identification:_identify(__pycache__) by extensions ['colcon_pkg']
[0.539s] Level 1:colcon.colcon_core.package_identification:_identify(__pycache__) by extension 'colcon_pkg'
[0.539s] Level 1:colcon.colcon_core.package_identification:_identify(__pycache__) by extensions ['colcon_meta']
[0.539s] Level 1:colcon.colcon_core.package_identification:_identify(__pycache__) by extension 'colcon_meta'
[0.539s] Level 1:colcon.colcon_core.package_identification:_identify(__pycache__) by extensions ['ros']
[0.539s] Level 1:colcon.colcon_core.package_identification:_identify(__pycache__) by extension 'ros'
[0.539s] Level 1:colcon.colcon_core.package_identification:_identify(__pycache__) by extensions ['cmake', 'python']
[0.539s] Level 1:colcon.colcon_core.package_identification:_identify(__pycache__) by extension 'cmake'
[0.539s] Level 1:colcon.colcon_core.package_identification:_identify(__pycache__) by extension 'python'
[0.539s] Level 1:colcon.colcon_core.package_identification:_identify(__pycache__) by extensions ['python_setup_py']
[0.539s] Level 1:colcon.colcon_core.package_identification:_identify(__pycache__) by extension 'python_setup_py'
[0.539s] Level 1:colcon.colcon_core.package_identification:_identify(build) by extensions ['ignore', 'ignore_ament_install']
[0.539s] Level 1:colcon.colcon_core.package_identification:_identify(build) by extension 'ignore'
[0.539s] Level 1:colcon.colcon_core.package_identification:_identify(build) ignored
[0.540s] Level 1:colcon.colcon_core.package_identification:_identify(install) by extensions ['ignore', 'ignore_ament_install']
[0.540s] Level 1:colcon.colcon_core.package_identification:_identify(install) by extension 'ignore'
[0.540s] Level 1:colcon.colcon_core.package_identification:_identify(install) ignored
[0.540s] Level 1:colcon.colcon_core.package_identification:_identify(log) by extensions ['ignore', 'ignore_ament_install']
[0.540s] Level 1:colcon.colcon_core.package_identification:_identify(log) by extension 'ignore'
[0.540s] Level 1:colcon.colcon_core.package_identification:_identify(log) ignored
[0.540s] Level 1:colcon.colcon_core.package_identification:_identify(src) by extensions ['ignore', 'ignore_ament_install']
[0.540s] Level 1:colcon.colcon_core.package_identification:_identify(src) by extension 'ignore'
[0.540s] Level 1:colcon.colcon_core.package_identification:_identify(src) by extension 'ignore_ament_install'
[0.540s] Level 1:colcon.colcon_core.package_identification:_identify(src) by extensions ['colcon_pkg']
[0.540s] Level 1:colcon.colcon_core.package_identification:_identify(src) by extension 'colcon_pkg'
[0.540s] Level 1:colcon.colcon_core.package_identification:_identify(src) by extensions ['colcon_meta']
[0.540s] Level 1:colcon.colcon_core.package_identification:_identify(src) by extension 'colcon_meta'
[0.541s] Level 1:colcon.colcon_core.package_identification:_identify(src) by extensions ['ros']
[0.541s] Level 1:colcon.colcon_core.package_identification:_identify(src) by extension 'ros'
[0.541s] Level 1:colcon.colcon_core.package_identification:_identify(src) by extensions ['cmake', 'python']
[0.541s] Level 1:colcon.colcon_core.package_identification:_identify(src) by extension 'cmake'
[0.541s] Level 1:colcon.colcon_core.package_identification:_identify(src) by extension 'python'
[0.541s] Level 1:colcon.colcon_core.package_identification:_identify(src) by extensions ['python_setup_py']
[0.541s] Level 1:colcon.colcon_core.package_identification:_identify(src) by extension 'python_setup_py'
[0.541s] Level 1:colcon.colcon_core.package_identification:_identify(src/ackermann_msgs) by extensions ['ignore', 'ignore_ament_install']
[0.541s] Level 1:colcon.colcon_core.package_identification:_identify(src/ackermann_msgs) by extension 'ignore'
[0.541s] Level 1:colcon.colcon_core.package_identification:_identify(src/ackermann_msgs) by extension 'ignore_ament_install'
[0.541s] Level 1:colcon.colcon_core.package_identification:_identify(src/ackermann_msgs) by extensions ['colcon_pkg']
[0.541s] Level 1:colcon.colcon_core.package_identification:_identify(src/ackermann_msgs) by extension 'colcon_pkg'
[0.541s] Level 1:colcon.colcon_core.package_identification:_identify(src/ackermann_msgs) by extensions ['colcon_meta']
[0.541s] Level 1:colcon.colcon_core.package_identification:_identify(src/ackermann_msgs) by extension 'colcon_meta'
[0.541s] Level 1:colcon.colcon_core.package_identification:_identify(src/ackermann_msgs) by extensions ['ros']
[0.541s] Level 1:colcon.colcon_core.package_identification:_identify(src/ackermann_msgs) by extension 'ros'
[0.545s] DEBUG:colcon.colcon_core.package_identification:Package 'src/ackermann_msgs' with type 'ros.ament_cmake' and name 'ackermann_msgs'
[0.545s] Level 1:colcon.colcon_core.package_identification:_identify(src/smartcar) by extensions ['ignore', 'ignore_ament_install']
[0.545s] Level 1:colcon.colcon_core.package_identification:_identify(src/smartcar) by extension 'ignore'
[0.545s] Level 1:colcon.colcon_core.package_identification:_identify(src/smartcar) by extension 'ignore_ament_install'
[0.545s] Level 1:colcon.colcon_core.package_identification:_identify(src/smartcar) by extensions ['colcon_pkg']
[0.545s] Level 1:colcon.colcon_core.package_identification:_identify(src/smartcar) by extension 'colcon_pkg'
[0.545s] Level 1:colcon.colcon_core.package_identification:_identify(src/smartcar) by extensions ['colcon_meta']
[0.545s] Level 1:colcon.colcon_core.package_identification:_identify(src/smartcar) by extension 'colcon_meta'
[0.545s] Level 1:colcon.colcon_core.package_identification:_identify(src/smartcar) by extensions ['ros']
[0.545s] Level 1:colcon.colcon_core.package_identification:_identify(src/smartcar) by extension 'ros'
[0.549s] DEBUG:colcon.colcon_core.package_identification:Package 'src/smartcar' with type 'ros.ament_cmake' and name 'smartcar'
[0.549s] Level 1:colcon.colcon_core.package_identification:_identify(src/smartcar_msgs) by extensions ['ignore', 'ignore_ament_install']
[0.549s] Level 1:colcon.colcon_core.package_identification:_identify(src/smartcar_msgs) by extension 'ignore'
[0.549s] Level 1:colcon.colcon_core.package_identification:_identify(src/smartcar_msgs) by extension 'ignore_ament_install'
[0.549s] Level 1:colcon.colcon_core.package_identification:_identify(src/smartcar_msgs) by extensions ['colcon_pkg']
[0.549s] Level 1:colcon.colcon_core.package_identification:_identify(src/smartcar_msgs) by extension 'colcon_pkg'
[0.549s] Level 1:colcon.colcon_core.package_identification:_identify(src/smartcar_msgs) by extensions ['colcon_meta']
[0.549s] Level 1:colcon.colcon_core.package_identification:_identify(src/smartcar_msgs) by extension 'colcon_meta'
[0.550s] Level 1:colcon.colcon_core.package_identification:_identify(src/smartcar_msgs) by extensions ['ros']
[0.550s] Level 1:colcon.colcon_core.package_identification:_identify(src/smartcar_msgs) by extension 'ros'
[0.551s] DEBUG:colcon.colcon_core.package_identification:Package 'src/smartcar_msgs' with type 'ros.ament_cmake' and name 'smartcar_msgs'
[0.551s] Level 1:colcon.colcon_core.package_discovery:discover_packages(recursive) using defaults
[0.552s] Level 1:colcon.colcon_core.package_discovery:discover_packages(ignore) discover
[0.552s] Level 1:colcon.colcon_core.package_discovery:discover_packages(ignore) using defaults
[0.552s] Level 1:colcon.colcon_core.package_discovery:discover_packages(path) discover
[0.552s] Level 1:colcon.colcon_core.package_discovery:discover_packages(path) using defaults
[0.603s] Level 1:colcon.colcon_core.package_discovery:discover_packages(prefix_path) check parameters
[0.603s] Level 1:colcon.colcon_core.package_discovery:discover_packages(prefix_path) discover
[0.607s] DEBUG:colcon.colcon_installed_package_information.package_discovery:Found 341 installed packages in /opt/ros/humble
[0.609s] Level 1:colcon.colcon_core.package_discovery:discover_packages(prefix_path) using defaults
[0.688s] Level 5:colcon.colcon_core.verb:set package 'ackermann_msgs' build argument 'cmake_args' from command line to 'None'
[0.688s] Level 5:colcon.colcon_core.verb:set package 'ackermann_msgs' build argument 'cmake_target' from command line to 'None'
[0.688s] Level 5:colcon.colcon_core.verb:set package 'ackermann_msgs' build argument 'cmake_target_skip_unavailable' from command line to 'False'
[0.688s] Level 5:colcon.colcon_core.verb:set package 'ackermann_msgs' build argument 'cmake_clean_cache' from command line to 'False'
[0.688s] Level 5:colcon.colcon_core.verb:set package 'ackermann_msgs' build argument 'cmake_clean_first' from command line to 'False'
[0.689s] Level 5:colcon.colcon_core.verb:set package 'ackermann_msgs' build argument 'cmake_force_configure' from command line to 'False'
[0.689s] Level 5:colcon.colcon_core.verb:set package 'ackermann_msgs' build argument 'ament_cmake_args' from command line to 'None'
[0.689s] Level 5:colcon.colcon_core.verb:set package 'ackermann_msgs' build argument 'catkin_cmake_args' from command line to 'None'
[0.689s] Level 5:colcon.colcon_core.verb:set package 'ackermann_msgs' build argument 'catkin_skip_building_tests' from command line to 'False'
[0.689s] DEBUG:colcon.colcon_core.verb:Building package 'ackermann_msgs' with the following arguments: {'ament_cmake_args': None, 'build_base': '/home/emmanuel/smartcar/build/ackermann_msgs', 'catkin_cmake_args': None, 'catkin_skip_building_tests': False, 'cmake_args': None, 'cmake_clean_cache': False, 'cmake_clean_first': False, 'cmake_force_configure': False, 'cmake_target': None, 'cmake_target_skip_unavailable': False, 'install_base': '/home/emmanuel/smartcar/install/ackermann_msgs', 'merge_install': False, 'path': '/home/emmanuel/smartcar/src/ackermann_msgs', 'symlink_install': True, 'test_result_base': None}
[0.690s] Level 5:colcon.colcon_core.verb:set package 'smartcar_msgs' build argument 'cmake_args' from command line to 'None'
[0.690s] Level 5:colcon.colcon_core.verb:set package 'smartcar_msgs' build argument 'cmake_target' from command line to 'None'
[0.690s] Level 5:colcon.colcon_core.verb:set package 'smartcar_msgs' build argument 'cmake_target_skip_unavailable' from command line to 'False'
[0.690s] Level 5:colcon.colcon_core.verb:set package 'smartcar_msgs' build argument 'cmake_clean_cache' from command line to 'False'
[0.690s] Level 5:colcon.colcon_core.verb:set package 'smartcar_msgs' build argument 'cmake_clean_first' from command line to 'False'
[0.690s] Level 5:colcon.colcon_core.verb:set package 'smartcar_msgs' build argument 'cmake_force_configure' from command line to 'False'
[0.690s] Level 5:colcon.colcon_core.verb:set package 'smartcar_msgs' build argument 'ament_cmake_args' from command line to 'None'
[0.690s] Level 5:colcon.colcon_core.verb:set package 'smartcar_msgs' build argument 'catkin_cmake_args' from command line to 'None'
[0.690s] Level 5:colcon.colcon_core.verb:set package 'smartcar_msgs' build argument 'catkin_skip_building_tests' from command line to 'False'
[0.690s] DEBUG:colcon.colcon_core.verb:Building package 'smartcar_msgs' with the following arguments: {'ament_cmake_args': None, 'build_base': '/home/emmanuel/smartcar/build/smartcar_msgs', 'catkin_cmake_args': None, 'catkin_skip_building_tests': False, 'cmake_args': None, 'cmake_clean_cache': False, 'cmake_clean_first': False, 'cmake_force_configure': False, 'cmake_target': None, 'cmake_target_skip_unavailable': False, 'install_base': '/home/emmanuel/smartcar/install/smartcar_msgs', 'merge_install': False, 'path': '/home/emmanuel/smartcar/src/smartcar_msgs', 'symlink_install': True, 'test_result_base': None}
[0.691s] Level 5:colcon.colcon_core.verb:set package 'smartcar' build argument 'cmake_args' from command line to 'None'
[0.692s] Level 5:colcon.colcon_core.verb:set package 'smartcar' build argument 'cmake_target' from command line to 'None'
[0.692s] Level 5:colcon.colcon_core.verb:set package 'smartcar' build argument 'cmake_target_skip_unavailable' from command line to 'False'
[0.692s] Level 5:colcon.colcon_core.verb:set package 'smartcar' build argument 'cmake_clean_cache' from command line to 'False'
[0.692s] Level 5:colcon.colcon_core.verb:set package 'smartcar' build argument 'cmake_clean_first' from command line to 'False'
[0.692s] Level 5:colcon.colcon_core.verb:set package 'smartcar' build argument 'cmake_force_configure' from command line to 'False'
[0.692s] Level 5:colcon.colcon_core.verb:set package 'smartcar' build argument 'ament_cmake_args' from command line to 'None'
[0.692s] Level 5:colcon.colcon_core.verb:set package 'smartcar' build argument 'catkin_cmake_args' from command line to 'None'
[0.692s] Level 5:colcon.colcon_core.verb:set package 'smartcar' build argument 'catkin_skip_building_tests' from command line to 'False'
[0.692s] DEBUG:colcon.colcon_core.verb:Building package 'smartcar' with the following arguments: {'ament_cmake_args': None, 'build_base': '/home/emmanuel/smartcar/build/smartcar', 'catkin_cmake_args': None, 'catkin_skip_building_tests': False, 'cmake_args': None, 'cmake_clean_cache': False, 'cmake_clean_first': False, 'cmake_force_configure': False, 'cmake_target': None, 'cmake_target_skip_unavailable': False, 'install_base': '/home/emmanuel/smartcar/install/smartcar', 'merge_install': False, 'path': '/home/emmanuel/smartcar/src/smartcar', 'symlink_install': True, 'test_result_base': None}
[0.692s] INFO:colcon.colcon_core.executor:Executing jobs using 'parallel' executor
[0.695s] DEBUG:colcon.colcon_parallel_executor.executor.parallel:run_until_complete
[0.695s] INFO:colcon.colcon_ros.task.ament_cmake.build:Building ROS package in '/home/emmanuel/smartcar/src/ackermann_msgs' with build type 'ament_cmake'
[0.695s] INFO:colcon.colcon_cmake.task.cmake.build:Building CMake package in '/home/emmanuel/smartcar/src/ackermann_msgs'
[0.705s] INFO:colcon.colcon_core.plugin_system:Skipping extension 'colcon_core.shell.bat': Not used on non-Windows systems
[0.705s] INFO:colcon.colcon_core.shell:Skip shell extension 'powershell' for command environment: Not usable outside of PowerShell
[0.705s] DEBUG:colcon.colcon_core.shell:Skip shell extension 'dsv' for command environment
[0.714s] INFO:colcon.colcon_ros.task.ament_cmake.build:Building ROS package in '/home/emmanuel/smartcar/src/smartcar_msgs' with build type 'ament_cmake'
[0.715s] INFO:colcon.colcon_cmake.task.cmake.build:Building CMake package in '/home/emmanuel/smartcar/src/smartcar_msgs'
[0.715s] INFO:colcon.colcon_core.shell:Skip shell extension 'powershell' for command environment: Not usable outside of PowerShell
[0.715s] DEBUG:colcon.colcon_core.shell:Skip shell extension 'dsv' for command environment
[0.733s] DEBUG:colcon.colcon_core.event_handler.log_command:Invoking command in '/home/emmanuel/smartcar/build/ackermann_msgs': CMAKE_PREFIX_PATH=/opt/ros/humble /usr/bin/cmake /home/emmanuel/smartcar/src/ackermann_msgs -DAMENT_CMAKE_SYMLINK_INSTALL=1 -DCMAKE_INSTALL_PREFIX=/home/emmanuel/smartcar/install/ackermann_msgs
[0.749s] DEBUG:colcon.colcon_core.event_handler.log_command:Invoking command in '/home/emmanuel/smartcar/build/smartcar_msgs': CMAKE_PREFIX_PATH=/opt/ros/humble /usr/bin/cmake /home/emmanuel/smartcar/src/smartcar_msgs -DAMENT_CMAKE_SYMLINK_INSTALL=1 -DCMAKE_INSTALL_PREFIX=/home/emmanuel/smartcar/install/smartcar_msgs
[4.398s] DEBUG:colcon.colcon_core.event_handler.log_command:Invoked command in '/home/emmanuel/smartcar/build/smartcar_msgs' returned '0': CMAKE_PREFIX_PATH=/opt/ros/humble /usr/bin/cmake /home/emmanuel/smartcar/src/smartcar_msgs -DAMENT_CMAKE_SYMLINK_INSTALL=1 -DCMAKE_INSTALL_PREFIX=/home/emmanuel/smartcar/install/smartcar_msgs
[4.401s] DEBUG:colcon.colcon_core.event_handler.log_command:Invoking command in '/home/emmanuel/smartcar/build/smartcar_msgs': CMAKE_PREFIX_PATH=/opt/ros/humble /usr/bin/cmake --build /home/emmanuel/smartcar/build/smartcar_msgs -- -j4 -l4
[4.417s] DEBUG:colcon.colcon_core.event_handler.log_command:Invoked command in '/home/emmanuel/smartcar/build/ackermann_msgs' returned '0': CMAKE_PREFIX_PATH=/opt/ros/humble /usr/bin/cmake /home/emmanuel/smartcar/src/ackermann_msgs -DAMENT_CMAKE_SYMLINK_INSTALL=1 -DCMAKE_INSTALL_PREFIX=/home/emmanuel/smartcar/install/ackermann_msgs
[4.421s] DEBUG:colcon.colcon_core.event_handler.log_command:Invoking command in '/home/emmanuel/smartcar/build/ackermann_msgs': CMAKE_PREFIX_PATH=/opt/ros/humble /usr/bin/cmake --build /home/emmanuel/smartcar/build/ackermann_msgs -- -j4 -l4
[16.175s] DEBUG:colcon.colcon_core.event_handler.log_command:Invoked command in '/home/emmanuel/smartcar/build/smartcar_msgs' returned '0': CMAKE_PREFIX_PATH=/opt/ros/humble /usr/bin/cmake --build /home/emmanuel/smartcar/build/smartcar_msgs -- -j4 -l4
[16.195s] DEBUG:colcon.colcon_core.event_handler.log_command:Invoking command in '/home/emmanuel/smartcar/build/smartcar_msgs': CMAKE_PREFIX_PATH=/opt/ros/humble /usr/bin/cmake --install /home/emmanuel/smartcar/build/smartcar_msgs
[17.494s] Level 1:colcon.colcon_core.environment:create_environment_scripts_only(smartcar_msgs)
[17.495s] DEBUG:colcon.colcon_core.event_handler.log_command:Invoked command in '/home/emmanuel/smartcar/build/smartcar_msgs' returned '0': CMAKE_PREFIX_PATH=/opt/ros/humble /usr/bin/cmake --install /home/emmanuel/smartcar/build/smartcar_msgs
[17.502s] Level 1:colcon.colcon_core.environment:checking '/home/emmanuel/smartcar/install/smartcar_msgs' for CMake module files
[17.504s] Level 1:colcon.colcon_core.environment:checking '/home/emmanuel/smartcar/install/smartcar_msgs' for CMake config files
[17.505s] Level 1:colcon.colcon_core.shell:create_environment_hook('smartcar_msgs', 'cmake_prefix_path')
[17.506s] INFO:colcon.colcon_core.shell:Creating environment hook '/home/emmanuel/smartcar/install/smartcar_msgs/share/smartcar_msgs/hook/cmake_prefix_path.ps1'
[17.508s] INFO:colcon.colcon_core.shell:Creating environment descriptor '/home/emmanuel/smartcar/install/smartcar_msgs/share/smartcar_msgs/hook/cmake_prefix_path.dsv'
[17.509s] INFO:colcon.colcon_core.shell:Creating environment hook '/home/emmanuel/smartcar/install/smartcar_msgs/share/smartcar_msgs/hook/cmake_prefix_path.sh'
[17.512s] Level 1:colcon.colcon_core.environment:checking '/home/emmanuel/smartcar/install/smartcar_msgs/lib'
[17.512s] Level 1:colcon.colcon_core.shell:create_environment_hook('smartcar_msgs', 'ld_library_path_lib')
[17.513s] INFO:colcon.colcon_core.shell:Creating environment hook '/home/emmanuel/smartcar/install/smartcar_msgs/share/smartcar_msgs/hook/ld_library_path_lib.ps1'
[17.513s] INFO:colcon.colcon_core.shell:Creating environment descriptor '/home/emmanuel/smartcar/install/smartcar_msgs/share/smartcar_msgs/hook/ld_library_path_lib.dsv'
[17.514s] INFO:colcon.colcon_core.shell:Creating environment hook '/home/emmanuel/smartcar/install/smartcar_msgs/share/smartcar_msgs/hook/ld_library_path_lib.sh'
[17.515s] Level 1:colcon.colcon_core.environment:checking '/home/emmanuel/smartcar/install/smartcar_msgs/bin'
[17.515s] Level 1:colcon.colcon_core.environment:checking '/home/emmanuel/smartcar/install/smartcar_msgs/lib/pkgconfig/smartcar_msgs.pc'
[17.516s] Level 1:colcon.colcon_core.environment:checking '/home/emmanuel/smartcar/install/smartcar_msgs/lib/python3.10/site-packages'
[17.517s] Level 1:colcon.colcon_core.environment:checking '/home/emmanuel/smartcar/install/smartcar_msgs/bin'
[17.518s] INFO:colcon.colcon_core.shell:Creating package script '/home/emmanuel/smartcar/install/smartcar_msgs/share/smartcar_msgs/package.ps1'
[17.521s] INFO:colcon.colcon_core.shell:Creating package descriptor '/home/emmanuel/smartcar/install/smartcar_msgs/share/smartcar_msgs/package.dsv'
[17.523s] INFO:colcon.colcon_core.shell:Creating package script '/home/emmanuel/smartcar/install/smartcar_msgs/share/smartcar_msgs/package.sh'
[17.526s] INFO:colcon.colcon_core.shell:Creating package script '/home/emmanuel/smartcar/install/smartcar_msgs/share/smartcar_msgs/package.bash'
[17.528s] INFO:colcon.colcon_core.shell:Creating package script '/home/emmanuel/smartcar/install/smartcar_msgs/share/smartcar_msgs/package.zsh'
[17.530s] Level 1:colcon.colcon_core.environment:create_file_with_runtime_dependencies(/home/emmanuel/smartcar/install/smartcar_msgs/share/colcon-core/packages/smartcar_msgs)
[17.531s] Level 1:colcon.colcon_core.environment:create_environment_scripts_only(smartcar_msgs)
[17.532s] Level 1:colcon.colcon_core.environment:checking '/home/emmanuel/smartcar/install/smartcar_msgs' for CMake module files
[17.533s] Level 1:colcon.colcon_core.environment:checking '/home/emmanuel/smartcar/install/smartcar_msgs' for CMake config files
[17.535s] Level 1:colcon.colcon_core.shell:create_environment_hook('smartcar_msgs', 'cmake_prefix_path')
[17.536s] INFO:colcon.colcon_core.shell:Creating environment hook '/home/emmanuel/smartcar/install/smartcar_msgs/share/smartcar_msgs/hook/cmake_prefix_path.ps1'
[17.537s] INFO:colcon.colcon_core.shell:Creating environment descriptor '/home/emmanuel/smartcar/install/smartcar_msgs/share/smartcar_msgs/hook/cmake_prefix_path.dsv'
[17.538s] INFO:colcon.colcon_core.shell:Creating environment hook '/home/emmanuel/smartcar/install/smartcar_msgs/share/smartcar_msgs/hook/cmake_prefix_path.sh'
[17.539s] Level 1:colcon.colcon_core.environment:checking '/home/emmanuel/smartcar/install/smartcar_msgs/lib'
[17.540s] Level 1:colcon.colcon_core.shell:create_environment_hook('smartcar_msgs', 'ld_library_path_lib')
[17.540s] INFO:colcon.colcon_core.shell:Creating environment hook '/home/emmanuel/smartcar/install/smartcar_msgs/share/smartcar_msgs/hook/ld_library_path_lib.ps1'
[17.541s] INFO:colcon.colcon_core.shell:Creating environment descriptor '/home/emmanuel/smartcar/install/smartcar_msgs/share/smartcar_msgs/hook/ld_library_path_lib.dsv'
[17.543s] INFO:colcon.colcon_core.shell:Creating environment hook '/home/emmanuel/smartcar/install/smartcar_msgs/share/smartcar_msgs/hook/ld_library_path_lib.sh'
[17.544s] Level 1:colcon.colcon_core.environment:checking '/home/emmanuel/smartcar/install/smartcar_msgs/bin'
[17.544s] Level 1:colcon.colcon_core.environment:checking '/home/emmanuel/smartcar/install/smartcar_msgs/lib/pkgconfig/smartcar_msgs.pc'
[17.545s] Level 1:colcon.colcon_core.environment:checking '/home/emmanuel/smartcar/install/smartcar_msgs/lib/python3.10/site-packages'
[17.546s] Level 1:colcon.colcon_core.environment:checking '/home/emmanuel/smartcar/install/smartcar_msgs/bin'
[17.547s] INFO:colcon.colcon_core.shell:Creating package script '/home/emmanuel/smartcar/install/smartcar_msgs/share/smartcar_msgs/package.ps1'
[17.548s] INFO:colcon.colcon_core.shell:Creating package descriptor '/home/emmanuel/smartcar/install/smartcar_msgs/share/smartcar_msgs/package.dsv'
[17.549s] INFO:colcon.colcon_core.shell:Creating package script '/home/emmanuel/smartcar/install/smartcar_msgs/share/smartcar_msgs/package.sh'
[17.551s] INFO:colcon.colcon_core.shell:Creating package script '/home/emmanuel/smartcar/install/smartcar_msgs/share/smartcar_msgs/package.bash'
[17.552s] INFO:colcon.colcon_core.shell:Creating package script '/home/emmanuel/smartcar/install/smartcar_msgs/share/smartcar_msgs/package.zsh'
[17.553s] Level 1:colcon.colcon_core.environment:create_file_with_runtime_dependencies(/home/emmanuel/smartcar/install/smartcar_msgs/share/colcon-core/packages/smartcar_msgs)
[18.120s] DEBUG:colcon.colcon_core.event_handler.log_command:Invoked command in '/home/emmanuel/smartcar/build/ackermann_msgs' returned '0': CMAKE_PREFIX_PATH=/opt/ros/humble /usr/bin/cmake --build /home/emmanuel/smartcar/build/ackermann_msgs -- -j4 -l4
[18.122s] DEBUG:colcon.colcon_core.event_handler.log_command:Invoking command in '/home/emmanuel/smartcar/build/ackermann_msgs': CMAKE_PREFIX_PATH=/opt/ros/humble /usr/bin/cmake --install /home/emmanuel/smartcar/build/ackermann_msgs
[19.373s] Level 1:colcon.colcon_core.environment:create_environment_scripts_only(ackermann_msgs)
[19.374s] Level 1:colcon.colcon_core.environment:checking '/home/emmanuel/smartcar/install/ackermann_msgs' for CMake module files
[19.375s] DEBUG:colcon.colcon_core.event_handler.log_command:Invoked command in '/home/emmanuel/smartcar/build/ackermann_msgs' returned '0': CMAKE_PREFIX_PATH=/opt/ros/humble /usr/bin/cmake --install /home/emmanuel/smartcar/build/ackermann_msgs
[19.375s] Level 1:colcon.colcon_core.environment:checking '/home/emmanuel/smartcar/install/ackermann_msgs' for CMake config files
[19.377s] Level 1:colcon.colcon_core.shell:create_environment_hook('ackermann_msgs', 'cmake_prefix_path')
[19.377s] INFO:colcon.colcon_core.shell:Creating environment hook '/home/emmanuel/smartcar/install/ackermann_msgs/share/ackermann_msgs/hook/cmake_prefix_path.ps1'
[19.378s] INFO:colcon.colcon_core.shell:Creating environment descriptor '/home/emmanuel/smartcar/install/ackermann_msgs/share/ackermann_msgs/hook/cmake_prefix_path.dsv'
[19.378s] INFO:colcon.colcon_core.shell:Creating environment hook '/home/emmanuel/smartcar/install/ackermann_msgs/share/ackermann_msgs/hook/cmake_prefix_path.sh'
[19.379s] Level 1:colcon.colcon_core.environment:checking '/home/emmanuel/smartcar/install/ackermann_msgs/lib'
[19.379s] Level 1:colcon.colcon_core.shell:create_environment_hook('ackermann_msgs', 'ld_library_path_lib')
[19.380s] INFO:colcon.colcon_core.shell:Creating environment hook '/home/emmanuel/smartcar/install/ackermann_msgs/share/ackermann_msgs/hook/ld_library_path_lib.ps1'
[19.380s] INFO:colcon.colcon_core.shell:Creating environment descriptor '/home/emmanuel/smartcar/install/ackermann_msgs/share/ackermann_msgs/hook/ld_library_path_lib.dsv'
[19.381s] INFO:colcon.colcon_core.shell:Creating environment hook '/home/emmanuel/smartcar/install/ackermann_msgs/share/ackermann_msgs/hook/ld_library_path_lib.sh'
[19.382s] Level 1:colcon.colcon_core.environment:checking '/home/emmanuel/smartcar/install/ackermann_msgs/bin'
[19.382s] Level 1:colcon.colcon_core.environment:checking '/home/emmanuel/smartcar/install/ackermann_msgs/lib/pkgconfig/ackermann_msgs.pc'
[19.383s] Level 1:colcon.colcon_core.environment:checking '/home/emmanuel/smartcar/install/ackermann_msgs/lib/python3.10/site-packages'
[19.383s] Level 1:colcon.colcon_core.environment:checking '/home/emmanuel/smartcar/install/ackermann_msgs/bin'
[19.384s] INFO:colcon.colcon_core.shell:Creating package script '/home/emmanuel/smartcar/install/ackermann_msgs/share/ackermann_msgs/package.ps1'
[19.384s] INFO:colcon.colcon_core.shell:Creating package descriptor '/home/emmanuel/smartcar/install/ackermann_msgs/share/ackermann_msgs/package.dsv'
[19.385s] INFO:colcon.colcon_core.shell:Creating package script '/home/emmanuel/smartcar/install/ackermann_msgs/share/ackermann_msgs/package.sh'
[19.386s] INFO:colcon.colcon_core.shell:Creating package script '/home/emmanuel/smartcar/install/ackermann_msgs/share/ackermann_msgs/package.bash'
[19.386s] INFO:colcon.colcon_core.shell:Creating package script '/home/emmanuel/smartcar/install/ackermann_msgs/share/ackermann_msgs/package.zsh'
[19.386s] Level 1:colcon.colcon_core.environment:create_file_with_runtime_dependencies(/home/emmanuel/smartcar/install/ackermann_msgs/share/colcon-core/packages/ackermann_msgs)
[19.387s] Level 1:colcon.colcon_core.environment:create_environment_scripts_only(ackermann_msgs)
[19.387s] Level 1:colcon.colcon_core.environment:checking '/home/emmanuel/smartcar/install/ackermann_msgs' for CMake module files
[19.388s] Level 1:colcon.colcon_core.environment:checking '/home/emmanuel/smartcar/install/ackermann_msgs' for CMake config files
[19.389s] Level 1:colcon.colcon_core.shell:create_environment_hook('ackermann_msgs', 'cmake_prefix_path')
[19.390s] INFO:colcon.colcon_core.shell:Creating environment hook '/home/emmanuel/smartcar/install/ackermann_msgs/share/ackermann_msgs/hook/cmake_prefix_path.ps1'
[19.390s] INFO:colcon.colcon_core.shell:Creating environment descriptor '/home/emmanuel/smartcar/install/ackermann_msgs/share/ackermann_msgs/hook/cmake_prefix_path.dsv'
[19.391s] INFO:colcon.colcon_core.shell:Creating environment hook '/home/emmanuel/smartcar/install/ackermann_msgs/share/ackermann_msgs/hook/cmake_prefix_path.sh'
[19.392s] Level 1:colcon.colcon_core.environment:checking '/home/emmanuel/smartcar/install/ackermann_msgs/lib'
[19.392s] Level 1:colcon.colcon_core.shell:create_environment_hook('ackermann_msgs', 'ld_library_path_lib')
[19.392s] INFO:colcon.colcon_core.shell:Creating environment hook '/home/emmanuel/smartcar/install/ackermann_msgs/share/ackermann_msgs/hook/ld_library_path_lib.ps1'
[19.393s] INFO:colcon.colcon_core.shell:Creating environment descriptor '/home/emmanuel/smartcar/install/ackermann_msgs/share/ackermann_msgs/hook/ld_library_path_lib.dsv'
[19.394s] INFO:colcon.colcon_core.shell:Creating environment hook '/home/emmanuel/smartcar/install/ackermann_msgs/share/ackermann_msgs/hook/ld_library_path_lib.sh'
[19.395s] Level 1:colcon.colcon_core.environment:checking '/home/emmanuel/smartcar/install/ackermann_msgs/bin'
[19.395s] Level 1:colcon.colcon_core.environment:checking '/home/emmanuel/smartcar/install/ackermann_msgs/lib/pkgconfig/ackermann_msgs.pc'
[19.396s] Level 1:colcon.colcon_core.environment:checking '/home/emmanuel/smartcar/install/ackermann_msgs/lib/python3.10/site-packages'
[19.396s] Level 1:colcon.colcon_core.environment:checking '/home/emmanuel/smartcar/install/ackermann_msgs/bin'
[19.397s] INFO:colcon.colcon_core.shell:Creating package script '/home/emmanuel/smartcar/install/ackermann_msgs/share/ackermann_msgs/package.ps1'
[19.398s] INFO:colcon.colcon_core.shell:Creating package descriptor '/home/emmanuel/smartcar/install/ackermann_msgs/share/ackermann_msgs/package.dsv'
[19.399s] INFO:colcon.colcon_core.shell:Creating package script '/home/emmanuel/smartcar/install/ackermann_msgs/share/ackermann_msgs/package.sh'
[19.399s] INFO:colcon.colcon_core.shell:Creating package script '/home/emmanuel/smartcar/install/ackermann_msgs/share/ackermann_msgs/package.bash'
[19.400s] INFO:colcon.colcon_core.shell:Creating package script '/home/emmanuel/smartcar/install/ackermann_msgs/share/ackermann_msgs/package.zsh'
[19.400s] Level 1:colcon.colcon_core.environment:create_file_with_runtime_dependencies(/home/emmanuel/smartcar/install/ackermann_msgs/share/colcon-core/packages/ackermann_msgs)
[19.401s] INFO:colcon.colcon_ros.task.ament_cmake.build:Building ROS package in '/home/emmanuel/smartcar/src/smartcar' with build type 'ament_cmake'
[19.401s] INFO:colcon.colcon_cmake.task.cmake.build:Building CMake package in '/home/emmanuel/smartcar/src/smartcar'
[19.402s] INFO:colcon.colcon_core.shell:Skip shell extension 'powershell' for command environment: Not usable outside of PowerShell
[19.402s] DEBUG:colcon.colcon_core.shell:Skip shell extension 'dsv' for command environment
[19.428s] DEBUG:colcon.colcon_core.event_handler.log_command:Invoking command in '/home/emmanuel/smartcar/build/smartcar': AMENT_PREFIX_PATH=/home/emmanuel/smartcar/install/smartcar_msgs:/home/emmanuel/smartcar/install/ackermann_msgs:${AMENT_PREFIX_PATH} CMAKE_PREFIX_PATH=/home/emmanuel/smartcar/install/smartcar_msgs:/home/emmanuel/smartcar/install/ackermann_msgs:/opt/ros/humble LD_LIBRARY_PATH=/home/emmanuel/smartcar/install/smartcar_msgs/lib:/home/emmanuel/smartcar/install/ackermann_msgs/lib:${LD_LIBRARY_PATH} PYTHONPATH=/home/emmanuel/smartcar/install/smartcar_msgs/local/lib/python3.10/dist-packages:/home/emmanuel/smartcar/install/ackermann_msgs/local/lib/python3.10/dist-packages:${PYTHONPATH} /usr/bin/cmake /home/emmanuel/smartcar/src/smartcar -DAMENT_CMAKE_SYMLINK_INSTALL=1 -DCMAKE_INSTALL_PREFIX=/home/emmanuel/smartcar/install/smartcar
[24.218s] DEBUG:colcon.colcon_core.event_handler.log_command:Invoked command in '/home/emmanuel/smartcar/build/smartcar' returned '0': AMENT_PREFIX_PATH=/home/emmanuel/smartcar/install/smartcar_msgs:/home/emmanuel/smartcar/install/ackermann_msgs:${AMENT_PREFIX_PATH} CMAKE_PREFIX_PATH=/home/emmanuel/smartcar/install/smartcar_msgs:/home/emmanuel/smartcar/install/ackermann_msgs:/opt/ros/humble LD_LIBRARY_PATH=/home/emmanuel/smartcar/install/smartcar_msgs/lib:/home/emmanuel/smartcar/install/ackermann_msgs/lib:${LD_LIBRARY_PATH} PYTHONPATH=/home/emmanuel/smartcar/install/smartcar_msgs/local/lib/python3.10/dist-packages:/home/emmanuel/smartcar/install/ackermann_msgs/local/lib/python3.10/dist-packages:${PYTHONPATH} /usr/bin/cmake /home/emmanuel/smartcar/src/smartcar -DAMENT_CMAKE_SYMLINK_INSTALL=1 -DCMAKE_INSTALL_PREFIX=/home/emmanuel/smartcar/install/smartcar
[24.222s] DEBUG:colcon.colcon_core.event_handler.log_command:Invoking command in '/home/emmanuel/smartcar/build/smartcar': AMENT_PREFIX_PATH=/home/emmanuel/smartcar/install/smartcar_msgs:/home/emmanuel/smartcar/install/ackermann_msgs:${AMENT_PREFIX_PATH} CMAKE_PREFIX_PATH=/home/emmanuel/smartcar/install/smartcar_msgs:/home/emmanuel/smartcar/install/ackermann_msgs:/opt/ros/humble LD_LIBRARY_PATH=/home/emmanuel/smartcar/install/smartcar_msgs/lib:/home/emmanuel/smartcar/install/ackermann_msgs/lib:${LD_LIBRARY_PATH} PYTHONPATH=/home/emmanuel/smartcar/install/smartcar_msgs/local/lib/python3.10/dist-packages:/home/emmanuel/smartcar/install/ackermann_msgs/local/lib/python3.10/dist-packages:${PYTHONPATH} /usr/bin/cmake --build /home/emmanuel/smartcar/build/smartcar -- -j4 -l4
[68.311s] DEBUG:colcon.colcon_core.event_handler.log_command:Invoked command in '/home/emmanuel/smartcar/build/smartcar' returned '0': AMENT_PREFIX_PATH=/home/emmanuel/smartcar/install/smartcar_msgs:/home/emmanuel/smartcar/install/ackermann_msgs:${AMENT_PREFIX_PATH} CMAKE_PREFIX_PATH=/home/emmanuel/smartcar/install/smartcar_msgs:/home/emmanuel/smartcar/install/ackermann_msgs:/opt/ros/humble LD_LIBRARY_PATH=/home/emmanuel/smartcar/install/smartcar_msgs/lib:/home/emmanuel/smartcar/install/ackermann_msgs/lib:${LD_LIBRARY_PATH} PYTHONPATH=/home/emmanuel/smartcar/install/smartcar_msgs/local/lib/python3.10/dist-packages:/home/emmanuel/smartcar/install/ackermann_msgs/local/lib/python3.10/dist-packages:${PYTHONPATH} /usr/bin/cmake --build /home/emmanuel/smartcar/build/smartcar -- -j4 -l4
[68.314s] DEBUG:colcon.colcon_core.event_handler.log_command:Invoking command in '/home/emmanuel/smartcar/build/smartcar': AMENT_PREFIX_PATH=/home/emmanuel/smartcar/install/smartcar_msgs:/home/emmanuel/smartcar/install/ackermann_msgs:${AMENT_PREFIX_PATH} CMAKE_PREFIX_PATH=/home/emmanuel/smartcar/install/smartcar_msgs:/home/emmanuel/smartcar/install/ackermann_msgs:/opt/ros/humble LD_LIBRARY_PATH=/home/emmanuel/smartcar/install/smartcar_msgs/lib:/home/emmanuel/smartcar/install/ackermann_msgs/lib:${LD_LIBRARY_PATH} PYTHONPATH=/home/emmanuel/smartcar/install/smartcar_msgs/local/lib/python3.10/dist-packages:/home/emmanuel/smartcar/install/ackermann_msgs/local/lib/python3.10/dist-packages:${PYTHONPATH} /usr/bin/cmake --install /home/emmanuel/smartcar/build/smartcar
[68.858s] Level 1:colcon.colcon_core.environment:create_environment_scripts_only(smartcar)
[68.858s] Level 1:colcon.colcon_core.environment:checking '/home/emmanuel/smartcar/install/smartcar' for CMake module files
[68.859s] DEBUG:colcon.colcon_core.event_handler.log_command:Invoked command in '/home/emmanuel/smartcar/build/smartcar' returned '0': AMENT_PREFIX_PATH=/home/emmanuel/smartcar/install/smartcar_msgs:/home/emmanuel/smartcar/install/ackermann_msgs:${AMENT_PREFIX_PATH} CMAKE_PREFIX_PATH=/home/emmanuel/smartcar/install/smartcar_msgs:/home/emmanuel/smartcar/install/ackermann_msgs:/opt/ros/humble LD_LIBRARY_PATH=/home/emmanuel/smartcar/install/smartcar_msgs/lib:/home/emmanuel/smartcar/install/ackermann_msgs/lib:${LD_LIBRARY_PATH} PYTHONPATH=/home/emmanuel/smartcar/install/smartcar_msgs/local/lib/python3.10/dist-packages:/home/emmanuel/smartcar/install/ackermann_msgs/local/lib/python3.10/dist-packages:${PYTHONPATH} /usr/bin/cmake --install /home/emmanuel/smartcar/build/smartcar
[68.860s] Level 1:colcon.colcon_core.environment:checking '/home/emmanuel/smartcar/install/smartcar' for CMake config files
[68.860s] Level 1:colcon.colcon_core.shell:create_environment_hook('smartcar', 'cmake_prefix_path')
[68.860s] INFO:colcon.colcon_core.shell:Creating environment hook '/home/emmanuel/smartcar/install/smartcar/share/smartcar/hook/cmake_prefix_path.ps1'
[68.861s] INFO:colcon.colcon_core.shell:Creating environment descriptor '/home/emmanuel/smartcar/install/smartcar/share/smartcar/hook/cmake_prefix_path.dsv'
[68.862s] INFO:colcon.colcon_core.shell:Creating environment hook '/home/emmanuel/smartcar/install/smartcar/share/smartcar/hook/cmake_prefix_path.sh'
[68.863s] Level 1:colcon.colcon_core.environment:checking '/home/emmanuel/smartcar/install/smartcar/lib'
[68.863s] Level 1:colcon.colcon_core.shell:create_environment_hook('smartcar', 'ld_library_path_lib')
[68.864s] INFO:colcon.colcon_core.shell:Creating environment hook '/home/emmanuel/smartcar/install/smartcar/share/smartcar/hook/ld_library_path_lib.ps1'
[68.865s] INFO:colcon.colcon_core.shell:Creating environment descriptor '/home/emmanuel/smartcar/install/smartcar/share/smartcar/hook/ld_library_path_lib.dsv'
[68.866s] INFO:colcon.colcon_core.shell:Creating environment hook '/home/emmanuel/smartcar/install/smartcar/share/smartcar/hook/ld_library_path_lib.sh'
[68.867s] Level 1:colcon.colcon_core.environment:checking '/home/emmanuel/smartcar/install/smartcar/bin'
[68.867s] Level 1:colcon.colcon_core.environment:checking '/home/emmanuel/smartcar/install/smartcar/lib/pkgconfig/smartcar.pc'
[68.868s] Level 1:colcon.colcon_core.environment:checking '/home/emmanuel/smartcar/install/smartcar/lib/python3.10/site-packages'
[68.869s] Level 1:colcon.colcon_core.environment:checking '/home/emmanuel/smartcar/install/smartcar/bin'
[68.869s] INFO:colcon.colcon_core.shell:Creating package script '/home/emmanuel/smartcar/install/smartcar/share/smartcar/package.ps1'
[68.870s] INFO:colcon.colcon_core.shell:Creating package descriptor '/home/emmanuel/smartcar/install/smartcar/share/smartcar/package.dsv'
[68.870s] INFO:colcon.colcon_core.shell:Creating package script '/home/emmanuel/smartcar/install/smartcar/share/smartcar/package.sh'
[68.871s] INFO:colcon.colcon_core.shell:Creating package script '/home/emmanuel/smartcar/install/smartcar/share/smartcar/package.bash'
[68.871s] INFO:colcon.colcon_core.shell:Creating package script '/home/emmanuel/smartcar/install/smartcar/share/smartcar/package.zsh'
[68.872s] Level 1:colcon.colcon_core.environment:create_file_with_runtime_dependencies(/home/emmanuel/smartcar/install/smartcar/share/colcon-core/packages/smartcar)
[68.872s] Level 1:colcon.colcon_core.environment:create_environment_scripts_only(smartcar)
[68.873s] Level 1:colcon.colcon_core.environment:checking '/home/emmanuel/smartcar/install/smartcar' for CMake module files
[68.873s] Level 1:colcon.colcon_core.environment:checking '/home/emmanuel/smartcar/install/smartcar' for CMake config files
[68.874s] Level 1:colcon.colcon_core.shell:create_environment_hook('smartcar', 'cmake_prefix_path')
[68.874s] INFO:colcon.colcon_core.shell:Creating environment hook '/home/emmanuel/smartcar/install/smartcar/share/smartcar/hook/cmake_prefix_path.ps1'
[68.875s] INFO:colcon.colcon_core.shell:Creating environment descriptor '/home/emmanuel/smartcar/install/smartcar/share/smartcar/hook/cmake_prefix_path.dsv'
[68.875s] INFO:colcon.colcon_core.shell:Creating environment hook '/home/emmanuel/smartcar/install/smartcar/share/smartcar/hook/cmake_prefix_path.sh'
[68.876s] Level 1:colcon.colcon_core.environment:checking '/home/emmanuel/smartcar/install/smartcar/lib'
[68.876s] Level 1:colcon.colcon_core.shell:create_environment_hook('smartcar', 'ld_library_path_lib')
[68.876s] INFO:colcon.colcon_core.shell:Creating environment hook '/home/emmanuel/smartcar/install/smartcar/share/smartcar/hook/ld_library_path_lib.ps1'
[68.877s] INFO:colcon.colcon_core.shell:Creating environment descriptor '/home/emmanuel/smartcar/install/smartcar/share/smartcar/hook/ld_library_path_lib.dsv'
[68.877s] INFO:colcon.colcon_core.shell:Creating environment hook '/home/emmanuel/smartcar/install/smartcar/share/smartcar/hook/ld_library_path_lib.sh'
[68.878s] Level 1:colcon.colcon_core.environment:checking '/home/emmanuel/smartcar/install/smartcar/bin'
[68.878s] Level 1:colcon.colcon_core.environment:checking '/home/emmanuel/smartcar/install/smartcar/lib/pkgconfig/smartcar.pc'
[68.878s] Level 1:colcon.colcon_core.environment:checking '/home/emmanuel/smartcar/install/smartcar/lib/python3.10/site-packages'
[68.878s] Level 1:colcon.colcon_core.environment:checking '/home/emmanuel/smartcar/install/smartcar/bin'
[68.879s] INFO:colcon.colcon_core.shell:Creating package script '/home/emmanuel/smartcar/install/smartcar/share/smartcar/package.ps1'
[68.880s] INFO:colcon.colcon_core.shell:Creating package descriptor '/home/emmanuel/smartcar/install/smartcar/share/smartcar/package.dsv'
[68.880s] INFO:colcon.colcon_core.shell:Creating package script '/home/emmanuel/smartcar/install/smartcar/share/smartcar/package.sh'
[68.881s] INFO:colcon.colcon_core.shell:Creating package script '/home/emmanuel/smartcar/install/smartcar/share/smartcar/package.bash'
[68.882s] INFO:colcon.colcon_core.shell:Creating package script '/home/emmanuel/smartcar/install/smartcar/share/smartcar/package.zsh'
[68.882s] Level 1:colcon.colcon_core.environment:create_file_with_runtime_dependencies(/home/emmanuel/smartcar/install/smartcar/share/colcon-core/packages/smartcar)
[68.883s] DEBUG:colcon.colcon_parallel_executor.executor.parallel:closing loop
[68.883s] DEBUG:colcon.colcon_parallel_executor.executor.parallel:loop closed
[68.884s] DEBUG:colcon.colcon_parallel_executor.executor.parallel:run_until_complete finished with '0'
[68.885s] DEBUG:colcon.colcon_core.event_reactor:joining thread
[68.894s] INFO:colcon.colcon_core.plugin_system:Skipping extension 'colcon_notification.desktop_notification.terminal_notifier': Not used on non-Darwin systems
[68.894s] INFO:colcon.colcon_core.plugin_system:Skipping extension 'colcon_notification.desktop_notification.win32': Not used on non-Windows systems
[68.894s] INFO:colcon.colcon_notification.desktop_notification:Sending desktop notification using 'notify2'
[68.917s] DEBUG:colcon.colcon_core.event_reactor:joined thread
[68.918s] INFO:colcon.colcon_core.shell:Creating prefix script '/home/emmanuel/smartcar/install/local_setup.ps1'
[68.920s] INFO:colcon.colcon_core.shell:Creating prefix util module '/home/emmanuel/smartcar/install/_local_setup_util_ps1.py'
[68.927s] INFO:colcon.colcon_core.shell:Creating prefix chain script '/home/emmanuel/smartcar/install/setup.ps1'
[68.933s] INFO:colcon.colcon_core.shell:Creating prefix script '/home/emmanuel/smartcar/install/local_setup.sh'
[68.935s] INFO:colcon.colcon_core.shell:Creating prefix util module '/home/emmanuel/smartcar/install/_local_setup_util_sh.py'
[68.937s] INFO:colcon.colcon_core.shell:Creating prefix chain script '/home/emmanuel/smartcar/install/setup.sh'
[68.942s] INFO:colcon.colcon_core.shell:Creating prefix script '/home/emmanuel/smartcar/install/local_setup.bash'
[68.944s] INFO:colcon.colcon_core.shell:Creating prefix chain script '/home/emmanuel/smartcar/install/setup.bash'
[68.948s] INFO:colcon.colcon_core.shell:Creating prefix script '/home/emmanuel/smartcar/install/local_setup.zsh'
[68.951s] INFO:colcon.colcon_core.shell:Creating prefix chain script '/home/emmanuel/smartcar/install/setup.zsh'
