[0.036s] Invoking command in '/home/emmanuel/smartcar/build/ackermann_msgs': CMAKE_PREFIX_PATH=/opt/ros/humble /usr/bin/cmake /home/emmanuel/smartcar/src/ackermann_msgs -DAMENT_CMAKE_SYMLINK_INSTALL=1 -DCMAKE_INSTALL_PREFIX=/home/emmanuel/smartcar/install/ackermann_msgs
[0.228s] -- The C compiler identification is GNU 11.4.0
[0.383s] -- The CXX compiler identification is GNU 11.4.0
[0.409s] -- Detecting C compiler ABI info
[0.656s] -- Detecting C compiler ABI info - done
[0.692s] -- Check for working C compiler: /usr/bin/cc - skipped
[0.692s] -- Detecting C compile features
[0.692s] -- Detecting C compile features - done
[0.702s] -- Detecting CXX compiler ABI info
[0.988s] -- Detecting CXX compiler ABI info - done
[1.018s] -- Check for working CXX compiler: /usr/bin/c++ - skipped
[1.020s] -- Detecting CXX compile features
[1.023s] -- Detecting CXX compile features - done
[1.028s] -- Found ament_cmake: 1.3.12 (/opt/ros/humble/share/ament_cmake/cmake)
[1.316s] -- Found Python3: /usr/bin/python3 (found version "3.10.12") found components: Interpreter 
[1.452s] -- Override CMake install command with custom implementation using symlinks instead of copying resources
[1.497s] -- Found rosidl_default_generators: 1.2.0 (/opt/ros/humble/share/rosidl_default_generators/cmake)
[1.501s] -- Using all available rosidl_typesupport_c: rosidl_typesupport_fastrtps_c;rosidl_typesupport_introspection_c
[1.512s] -- Found rosidl_adapter: 3.1.7 (/opt/ros/humble/share/rosidl_adapter/cmake)
[1.578s] -- Using all available rosidl_typesupport_cpp: rosidl_typesupport_fastrtps_cpp;rosidl_typesupport_introspection_cpp
[1.648s] -- Found std_msgs: 4.9.0 (/opt/ros/humble/share/std_msgs/cmake)
[2.209s] -- Found ament_cmake_cppcheck: 0.12.14 (/opt/ros/humble/share/ament_cmake_cppcheck/cmake)
[2.213s] -- Found ament_cmake_cpplint: 0.12.14 (/opt/ros/humble/share/ament_cmake_cpplint/cmake)
[2.216s] -- Found ament_cmake_uncrustify: 0.12.14 (/opt/ros/humble/share/ament_cmake_uncrustify/cmake)
[2.221s] -- Found ament_cmake_ros: 0.10.0 (/opt/ros/humble/share/ament_cmake_ros/cmake)
[2.670s] -- Using all available rosidl_typesupport_c: rosidl_typesupport_fastrtps_c;rosidl_typesupport_introspection_c
[3.285s] -- Using all available rosidl_typesupport_cpp: rosidl_typesupport_fastrtps_cpp;rosidl_typesupport_introspection_cpp
[3.344s] -- Found PythonInterp: /usr/bin/python3 (found suitable version "3.10.12", minimum required is "3.6") 
[3.348s] -- Found python_cmake_module: 0.10.0 (/opt/ros/humble/share/python_cmake_module/cmake)
[3.401s] -- Found PythonLibs: /usr/lib/x86_64-linux-gnu/libpython3.10.so (found suitable version "3.10.12", minimum required is "3.5") 
[3.402s] -- Using PYTHON_EXECUTABLE: /usr/bin/python3
[3.402s] -- Using PYTHON_INCLUDE_DIRS: /usr/include/python3.10
[3.402s] -- Using PYTHON_LIBRARIES: /usr/lib/x86_64-linux-gnu/libpython3.10.so
[3.450s] -- Found PythonExtra: .so  
[3.559s] -- Found ament_cmake_flake8: 0.12.14 (/opt/ros/humble/share/ament_cmake_flake8/cmake)
[3.563s] -- Found ament_cmake_pep257: 0.12.14 (/opt/ros/humble/share/ament_cmake_pep257/cmake)
[3.590s] -- Configuring done
[3.679s] -- Generating done
[3.707s] -- Build files have been written to: /home/emmanuel/smartcar/build/ackermann_msgs
[3.721s] Invoked command in '/home/emmanuel/smartcar/build/ackermann_msgs' returned '0': CMAKE_PREFIX_PATH=/opt/ros/humble /usr/bin/cmake /home/emmanuel/smartcar/src/ackermann_msgs -DAMENT_CMAKE_SYMLINK_INSTALL=1 -DCMAKE_INSTALL_PREFIX=/home/emmanuel/smartcar/install/ackermann_msgs
[3.725s] Invoking command in '/home/emmanuel/smartcar/build/ackermann_msgs': CMAKE_PREFIX_PATH=/opt/ros/humble /usr/bin/cmake --build /home/emmanuel/smartcar/build/ackermann_msgs -- -j4 -l4
[3.833s] [  2%] [34m[1mGenerating C code for ROS interfaces[0m
[3.913s] [  5%] [34m[1mGenerating C++ code for ROS interfaces[0m
[3.967s] [  5%] Built target ament_cmake_python_symlink_ackermann_msgs
[5.637s] [  5%] Built target ackermann_msgs__cpp
[5.724s] [  7%] [34m[1mGenerating C++ type support dispatch for ROS interfaces[0m
[5.751s] running egg_info
[5.758s] creating ackermann_msgs.egg-info
[5.759s] [ 10%] [34m[1mGenerating C++ type support for eProsima Fast-RTPS[0m
[5.767s] writing ackermann_msgs.egg-info/PKG-INFO
[5.768s] writing dependency_links to ackermann_msgs.egg-info/dependency_links.txt
[5.768s] writing top-level names to ackermann_msgs.egg-info/top_level.txt
[5.772s] writing manifest file 'ackermann_msgs.egg-info/SOURCES.txt'
[5.780s] reading manifest file 'ackermann_msgs.egg-info/SOURCES.txt'
[5.785s] writing manifest file 'ackermann_msgs.egg-info/SOURCES.txt'
[6.039s] [ 10%] Built target ament_cmake_python_build_ackermann_msgs_egg
[6.096s] [ 12%] [34m[1mGenerating C++ introspection for ROS interfaces[0m
[7.315s] [ 15%] [32mBuilding C object CMakeFiles/ackermann_msgs__rosidl_generator_c.dir/rosidl_generator_c/ackermann_msgs/msg/detail/ackermann_drive__functions.c.o[0m
[7.849s] [ 17%] [32mBuilding C object CMakeFiles/ackermann_msgs__rosidl_generator_c.dir/rosidl_generator_c/ackermann_msgs/msg/detail/ackermann_drive_stamped__functions.c.o[0m
[8.336s] [ 20%] [32m[1mLinking C shared library libackermann_msgs__rosidl_generator_c.so[0m
[8.636s] [ 23%] [32mBuilding CXX object CMakeFiles/ackermann_msgs__rosidl_typesupport_cpp.dir/rosidl_typesupport_cpp/ackermann_msgs/msg/ackermann_drive__type_support.cpp.o[0m
[8.777s] [ 23%] Built target ackermann_msgs__rosidl_generator_c
[8.875s] [ 25%] [32mBuilding CXX object CMakeFiles/ackermann_msgs__rosidl_typesupport_cpp.dir/rosidl_typesupport_cpp/ackermann_msgs/msg/ackermann_drive_stamped__type_support.cpp.o[0m
[9.403s] [ 28%] [32mBuilding CXX object CMakeFiles/ackermann_msgs__rosidl_typesupport_fastrtps_cpp.dir/rosidl_typesupport_fastrtps_cpp/ackermann_msgs/msg/detail/dds_fastrtps/ackermann_drive__type_support.cpp.o[0m
[9.990s] [ 30%] [34m[1mGenerating C type support for eProsima Fast-RTPS[0m
[10.056s] [ 33%] [32mBuilding CXX object CMakeFiles/ackermann_msgs__rosidl_typesupport_introspection_cpp.dir/rosidl_typesupport_introspection_cpp/ackermann_msgs/msg/detail/ackermann_drive__type_support.cpp.o[0m
[10.891s] [ 35%] [32m[1mLinking CXX shared library libackermann_msgs__rosidl_typesupport_cpp.so[0m
[11.124s] [ 35%] Built target ackermann_msgs__rosidl_typesupport_cpp
[11.241s] [ 38%] [32mBuilding CXX object CMakeFiles/ackermann_msgs__rosidl_typesupport_introspection_cpp.dir/rosidl_typesupport_introspection_cpp/ackermann_msgs/msg/detail/ackermann_drive_stamped__type_support.cpp.o[0m
[11.731s] [ 41%] [32mBuilding CXX object CMakeFiles/ackermann_msgs__rosidl_typesupport_fastrtps_cpp.dir/rosidl_typesupport_fastrtps_cpp/ackermann_msgs/msg/detail/dds_fastrtps/ackermann_drive_stamped__type_support.cpp.o[0m
[12.374s] [ 43%] [32mBuilding CXX object CMakeFiles/ackermann_msgs__rosidl_typesupport_fastrtps_c.dir/rosidl_typesupport_fastrtps_c/ackermann_msgs/msg/detail/ackermann_drive__type_support_c.cpp.o[0m
[12.383s] [ 46%] [34m[1mGenerating C introspection for ROS interfaces[0m
[13.031s] [ 48%] [32m[1mLinking CXX shared library libackermann_msgs__rosidl_typesupport_introspection_cpp.so[0m
[13.304s] [ 48%] Built target ackermann_msgs__rosidl_typesupport_introspection_cpp
[13.366s] [ 51%] [32mBuilding CXX object CMakeFiles/ackermann_msgs__rosidl_typesupport_fastrtps_c.dir/rosidl_typesupport_fastrtps_c/ackermann_msgs/msg/detail/ackermann_drive_stamped__type_support_c.cpp.o[0m
[13.386s] [ 53%] [32m[1mLinking CXX shared library libackermann_msgs__rosidl_typesupport_fastrtps_cpp.so[0m
[13.690s] [ 56%] [34m[1mGenerating C type support dispatch for ROS interfaces[0m
[13.710s] [ 56%] Built target ackermann_msgs__rosidl_typesupport_fastrtps_cpp
[14.341s] [ 58%] [32mBuilding C object CMakeFiles/ackermann_msgs__rosidl_typesupport_introspection_c.dir/rosidl_typesupport_introspection_c/ackermann_msgs/msg/detail/ackermann_drive__type_support.c.o[0m
[14.370s] [ 61%] [32mBuilding C object CMakeFiles/ackermann_msgs__rosidl_typesupport_introspection_c.dir/rosidl_typesupport_introspection_c/ackermann_msgs/msg/detail/ackermann_drive_stamped__type_support.c.o[0m
[14.511s] [ 64%] [32m[1mLinking C shared library libackermann_msgs__rosidl_typesupport_introspection_c.so[0m
[14.592s] [ 66%] [32m[1mLinking CXX shared library libackermann_msgs__rosidl_typesupport_fastrtps_c.so[0m
[14.606s] [ 66%] Built target ackermann_msgs__rosidl_typesupport_introspection_c
[14.712s] [ 69%] [32mBuilding CXX object CMakeFiles/ackermann_msgs__rosidl_typesupport_c.dir/rosidl_typesupport_c/ackermann_msgs/msg/ackermann_drive_stamped__type_support.cpp.o[0m
[14.713s] [ 71%] [32mBuilding CXX object CMakeFiles/ackermann_msgs__rosidl_typesupport_c.dir/rosidl_typesupport_c/ackermann_msgs/msg/ackermann_drive__type_support.cpp.o[0m
[14.833s] [ 74%] [32m[1mLinking CXX shared library libackermann_msgs__rosidl_typesupport_c.so[0m
[14.847s] [ 74%] Built target ackermann_msgs__rosidl_typesupport_fastrtps_c
[14.943s] [ 74%] Built target ackermann_msgs__rosidl_typesupport_c
[14.997s] [ 74%] Built target ackermann_msgs
[15.047s] [ 76%] [34m[1mGenerating Python code for ROS interfaces[0m
[16.605s] [ 76%] Built target ackermann_msgs__py
[16.655s] [ 79%] [32mBuilding C object CMakeFiles/ackermann_msgs__rosidl_generator_py.dir/rosidl_generator_py/ackermann_msgs/msg/_ackermann_drive_stamped_s.c.o[0m
[16.659s] [ 82%] [32mBuilding C object CMakeFiles/ackermann_msgs__rosidl_generator_py.dir/rosidl_generator_py/ackermann_msgs/msg/_ackermann_drive_s.c.o[0m
[16.908s] [ 84%] [32m[1mLinking C shared library rosidl_generator_py/ackermann_msgs/libackermann_msgs__rosidl_generator_py.so[0m
[16.989s] [ 84%] Built target ackermann_msgs__rosidl_generator_py
[17.033s] [ 87%] [32mBuilding C object CMakeFiles/ackermann_msgs__rosidl_typesupport_introspection_c__pyext.dir/rosidl_generator_py/ackermann_msgs/_ackermann_msgs_s.ep.rosidl_typesupport_introspection_c.c.o[0m
[17.036s] [ 89%] [32mBuilding C object CMakeFiles/ackermann_msgs__rosidl_typesupport_c__pyext.dir/rosidl_generator_py/ackermann_msgs/_ackermann_msgs_s.ep.rosidl_typesupport_c.c.o[0m
[17.038s] [ 92%] [32mBuilding C object CMakeFiles/ackermann_msgs__rosidl_typesupport_fastrtps_c__pyext.dir/rosidl_generator_py/ackermann_msgs/_ackermann_msgs_s.ep.rosidl_typesupport_fastrtps_c.c.o[0m
[17.259s] [ 94%] [32m[1mLinking C shared library rosidl_generator_py/ackermann_msgs/ackermann_msgs_s__rosidl_typesupport_fastrtps_c.cpython-310-x86_64-linux-gnu.so[0m
[17.294s] [ 97%] [32m[1mLinking C shared library rosidl_generator_py/ackermann_msgs/ackermann_msgs_s__rosidl_typesupport_c.cpython-310-x86_64-linux-gnu.so[0m
[17.311s] [100%] [32m[1mLinking C shared library rosidl_generator_py/ackermann_msgs/ackermann_msgs_s__rosidl_typesupport_introspection_c.cpython-310-x86_64-linux-gnu.so[0m
[17.363s] [100%] Built target ackermann_msgs__rosidl_typesupport_fastrtps_c__pyext
[17.385s] [100%] Built target ackermann_msgs__rosidl_typesupport_c__pyext
[17.401s] [100%] Built target ackermann_msgs__rosidl_typesupport_introspection_c__pyext
[17.424s] Invoked command in '/home/emmanuel/smartcar/build/ackermann_msgs' returned '0': CMAKE_PREFIX_PATH=/opt/ros/humble /usr/bin/cmake --build /home/emmanuel/smartcar/build/ackermann_msgs -- -j4 -l4
[17.426s] Invoking command in '/home/emmanuel/smartcar/build/ackermann_msgs': CMAKE_PREFIX_PATH=/opt/ros/humble /usr/bin/cmake --install /home/emmanuel/smartcar/build/ackermann_msgs
[17.442s] -- Install configuration: ""
[17.443s] -- Execute custom install script
[17.444s] -- Symlinking: /home/emmanuel/smartcar/install/ackermann_msgs/share/ament_index/resource_index/rosidl_interfaces/ackermann_msgs
[17.458s] -- Symlinking: /home/emmanuel/smartcar/install/ackermann_msgs/include/ackermann_msgs/ackermann_msgs/msg/ackermann_drive.h
[17.472s] -- Symlinking: /home/emmanuel/smartcar/install/ackermann_msgs/include/ackermann_msgs/ackermann_msgs/msg/ackermann_drive_stamped.h
[17.485s] -- Symlinking: /home/emmanuel/smartcar/install/ackermann_msgs/include/ackermann_msgs/ackermann_msgs/msg/detail/ackermann_drive__functions.h
[17.499s] -- Symlinking: /home/emmanuel/smartcar/install/ackermann_msgs/include/ackermann_msgs/ackermann_msgs/msg/detail/ackermann_drive__struct.h
[17.513s] -- Symlinking: /home/emmanuel/smartcar/install/ackermann_msgs/include/ackermann_msgs/ackermann_msgs/msg/detail/ackermann_drive__type_support.h
[17.527s] -- Symlinking: /home/emmanuel/smartcar/install/ackermann_msgs/include/ackermann_msgs/ackermann_msgs/msg/detail/ackermann_drive_stamped__functions.h
[17.541s] -- Symlinking: /home/emmanuel/smartcar/install/ackermann_msgs/include/ackermann_msgs/ackermann_msgs/msg/detail/ackermann_drive_stamped__struct.h
[17.554s] -- Symlinking: /home/emmanuel/smartcar/install/ackermann_msgs/include/ackermann_msgs/ackermann_msgs/msg/detail/ackermann_drive_stamped__type_support.h
[17.568s] -- Symlinking: /home/emmanuel/smartcar/install/ackermann_msgs/include/ackermann_msgs/ackermann_msgs/msg/rosidl_generator_c__visibility_control.h
[17.582s] -- Symlinking: /home/emmanuel/smartcar/install/ackermann_msgs/share/ackermann_msgs/environment/library_path.sh
[17.595s] -- Symlinking: /home/emmanuel/smartcar/install/ackermann_msgs/share/ackermann_msgs/environment/library_path.dsv
[17.610s] -- Symlinking: /home/emmanuel/smartcar/install/ackermann_msgs/include/ackermann_msgs/ackermann_msgs/msg/detail/ackermann_drive__rosidl_typesupport_fastrtps_c.h
[17.626s] -- Symlinking: /home/emmanuel/smartcar/install/ackermann_msgs/include/ackermann_msgs/ackermann_msgs/msg/detail/ackermann_drive_stamped__rosidl_typesupport_fastrtps_c.h
[17.643s] -- Symlinking: /home/emmanuel/smartcar/install/ackermann_msgs/include/ackermann_msgs/ackermann_msgs/msg/rosidl_typesupport_fastrtps_c__visibility_control.h
[17.657s] -- Symlinking: /home/emmanuel/smartcar/install/ackermann_msgs/include/ackermann_msgs/ackermann_msgs/msg/detail/ackermann_drive__rosidl_typesupport_introspection_c.h
[17.671s] -- Symlinking: /home/emmanuel/smartcar/install/ackermann_msgs/include/ackermann_msgs/ackermann_msgs/msg/detail/ackermann_drive_stamped__rosidl_typesupport_introspection_c.h
[17.685s] -- Symlinking: /home/emmanuel/smartcar/install/ackermann_msgs/include/ackermann_msgs/ackermann_msgs/msg/rosidl_typesupport_introspection_c__visibility_control.h
[17.700s] -- Symlinking: /home/emmanuel/smartcar/install/ackermann_msgs/include/ackermann_msgs/ackermann_msgs/msg/ackermann_drive.hpp
[17.713s] -- Symlinking: /home/emmanuel/smartcar/install/ackermann_msgs/include/ackermann_msgs/ackermann_msgs/msg/ackermann_drive_stamped.hpp
[17.728s] -- Symlinking: /home/emmanuel/smartcar/install/ackermann_msgs/include/ackermann_msgs/ackermann_msgs/msg/detail/ackermann_drive__builder.hpp
[17.743s] -- Symlinking: /home/emmanuel/smartcar/install/ackermann_msgs/include/ackermann_msgs/ackermann_msgs/msg/detail/ackermann_drive__struct.hpp
[17.757s] -- Symlinking: /home/emmanuel/smartcar/install/ackermann_msgs/include/ackermann_msgs/ackermann_msgs/msg/detail/ackermann_drive__traits.hpp
[17.771s] -- Symlinking: /home/emmanuel/smartcar/install/ackermann_msgs/include/ackermann_msgs/ackermann_msgs/msg/detail/ackermann_drive__type_support.hpp
[17.784s] -- Symlinking: /home/emmanuel/smartcar/install/ackermann_msgs/include/ackermann_msgs/ackermann_msgs/msg/detail/ackermann_drive_stamped__builder.hpp
[17.797s] -- Symlinking: /home/emmanuel/smartcar/install/ackermann_msgs/include/ackermann_msgs/ackermann_msgs/msg/detail/ackermann_drive_stamped__struct.hpp
[17.813s] -- Symlinking: /home/emmanuel/smartcar/install/ackermann_msgs/include/ackermann_msgs/ackermann_msgs/msg/detail/ackermann_drive_stamped__traits.hpp
[17.828s] -- Symlinking: /home/emmanuel/smartcar/install/ackermann_msgs/include/ackermann_msgs/ackermann_msgs/msg/detail/ackermann_drive_stamped__type_support.hpp
[17.841s] -- Symlinking: /home/emmanuel/smartcar/install/ackermann_msgs/include/ackermann_msgs/ackermann_msgs/msg/rosidl_generator_cpp__visibility_control.hpp
[17.858s] -- Symlinking: /home/emmanuel/smartcar/install/ackermann_msgs/include/ackermann_msgs/ackermann_msgs/msg/detail/ackermann_drive__rosidl_typesupport_fastrtps_cpp.hpp
[17.871s] -- Symlinking: /home/emmanuel/smartcar/install/ackermann_msgs/include/ackermann_msgs/ackermann_msgs/msg/detail/ackermann_drive_stamped__rosidl_typesupport_fastrtps_cpp.hpp
[17.885s] -- Symlinking: /home/emmanuel/smartcar/install/ackermann_msgs/include/ackermann_msgs/ackermann_msgs/msg/rosidl_typesupport_fastrtps_cpp__visibility_control.h
[17.900s] -- Symlinking: /home/emmanuel/smartcar/install/ackermann_msgs/include/ackermann_msgs/ackermann_msgs/msg/detail/ackermann_drive__rosidl_typesupport_introspection_cpp.hpp
[17.913s] -- Symlinking: /home/emmanuel/smartcar/install/ackermann_msgs/include/ackermann_msgs/ackermann_msgs/msg/detail/ackermann_drive_stamped__rosidl_typesupport_introspection_cpp.hpp
[17.929s] -- Symlinking: /home/emmanuel/smartcar/install/ackermann_msgs/share/ackermann_msgs/environment/pythonpath.sh
[17.943s] -- Symlinking: /home/emmanuel/smartcar/install/ackermann_msgs/share/ackermann_msgs/environment/pythonpath.dsv
[17.958s] -- Symlinking: /home/emmanuel/smartcar/install/ackermann_msgs/local/lib/python3.10/dist-packages/ackermann_msgs-2.0.2-py3.10.egg-info/PKG-INFO
[17.973s] -- Symlinking: /home/emmanuel/smartcar/install/ackermann_msgs/local/lib/python3.10/dist-packages/ackermann_msgs-2.0.2-py3.10.egg-info/SOURCES.txt
[17.987s] -- Symlinking: /home/emmanuel/smartcar/install/ackermann_msgs/local/lib/python3.10/dist-packages/ackermann_msgs-2.0.2-py3.10.egg-info/dependency_links.txt
[18.001s] -- Symlinking: /home/emmanuel/smartcar/install/ackermann_msgs/local/lib/python3.10/dist-packages/ackermann_msgs-2.0.2-py3.10.egg-info/top_level.txt
[18.017s] -- Symlinking: /home/emmanuel/smartcar/install/ackermann_msgs/local/lib/python3.10/dist-packages/ackermann_msgs/__init__.py
[18.031s] -- Symlinking: /home/emmanuel/smartcar/install/ackermann_msgs/local/lib/python3.10/dist-packages/ackermann_msgs/_ackermann_msgs_s.ep.rosidl_typesupport_c.c
[18.045s] -- Symlinking: /home/emmanuel/smartcar/install/ackermann_msgs/local/lib/python3.10/dist-packages/ackermann_msgs/_ackermann_msgs_s.ep.rosidl_typesupport_fastrtps_c.c
[18.059s] -- Symlinking: /home/emmanuel/smartcar/install/ackermann_msgs/local/lib/python3.10/dist-packages/ackermann_msgs/_ackermann_msgs_s.ep.rosidl_typesupport_introspection_c.c
[18.074s] -- Symlinking: /home/emmanuel/smartcar/install/ackermann_msgs/local/lib/python3.10/dist-packages/ackermann_msgs/ackermann_msgs_s__rosidl_typesupport_c.cpython-310-x86_64-linux-gnu.so
[18.090s] -- Symlinking: /home/emmanuel/smartcar/install/ackermann_msgs/local/lib/python3.10/dist-packages/ackermann_msgs/ackermann_msgs_s__rosidl_typesupport_fastrtps_c.cpython-310-x86_64-linux-gnu.so
[18.105s] -- Symlinking: /home/emmanuel/smartcar/install/ackermann_msgs/local/lib/python3.10/dist-packages/ackermann_msgs/ackermann_msgs_s__rosidl_typesupport_introspection_c.cpython-310-x86_64-linux-gnu.so
[18.119s] -- Symlinking: /home/emmanuel/smartcar/install/ackermann_msgs/local/lib/python3.10/dist-packages/ackermann_msgs/libackermann_msgs__rosidl_generator_py.so
[18.134s] -- Symlinking: /home/emmanuel/smartcar/install/ackermann_msgs/local/lib/python3.10/dist-packages/ackermann_msgs/msg/__init__.py
[18.148s] -- Symlinking: /home/emmanuel/smartcar/install/ackermann_msgs/local/lib/python3.10/dist-packages/ackermann_msgs/msg/_ackermann_drive.py
[18.162s] -- Symlinking: /home/emmanuel/smartcar/install/ackermann_msgs/local/lib/python3.10/dist-packages/ackermann_msgs/msg/_ackermann_drive_s.c
[18.176s] -- Symlinking: /home/emmanuel/smartcar/install/ackermann_msgs/local/lib/python3.10/dist-packages/ackermann_msgs/msg/_ackermann_drive_stamped.py
[18.189s] -- Symlinking: /home/emmanuel/smartcar/install/ackermann_msgs/local/lib/python3.10/dist-packages/ackermann_msgs/msg/_ackermann_drive_stamped_s.c
[18.208s] -- Up-to-date symlink: /home/emmanuel/smartcar/install/ackermann_msgs/local/lib/python3.10/dist-packages/ackermann_msgs/ackermann_msgs_s__rosidl_typesupport_fastrtps_c.cpython-310-x86_64-linux-gnu.so
[18.208s] -- Up-to-date symlink: /home/emmanuel/smartcar/install/ackermann_msgs/local/lib/python3.10/dist-packages/ackermann_msgs/ackermann_msgs_s__rosidl_typesupport_introspection_c.cpython-310-x86_64-linux-gnu.so
[18.208s] -- Up-to-date symlink: /home/emmanuel/smartcar/install/ackermann_msgs/local/lib/python3.10/dist-packages/ackermann_msgs/ackermann_msgs_s__rosidl_typesupport_c.cpython-310-x86_64-linux-gnu.so
[18.209s] -- Symlinking: /home/emmanuel/smartcar/install/ackermann_msgs/share/ackermann_msgs/msg/AckermannDrive.idl
[18.222s] -- Symlinking: /home/emmanuel/smartcar/install/ackermann_msgs/share/ackermann_msgs/msg/AckermannDriveStamped.idl
[18.239s] -- Symlinking: /home/emmanuel/smartcar/install/ackermann_msgs/share/ackermann_msgs/msg/AckermannDrive.msg
[18.252s] -- Symlinking: /home/emmanuel/smartcar/install/ackermann_msgs/share/ackermann_msgs/msg/AckermannDriveStamped.msg
[18.268s] -- Symlinking: /home/emmanuel/smartcar/install/ackermann_msgs/share/ament_index/resource_index/package_run_dependencies/ackermann_msgs
[18.283s] -- Symlinking: /home/emmanuel/smartcar/install/ackermann_msgs/share/ament_index/resource_index/parent_prefix_path/ackermann_msgs
[18.297s] -- Symlinking: /home/emmanuel/smartcar/install/ackermann_msgs/share/ackermann_msgs/environment/ament_prefix_path.sh
[18.312s] -- Symlinking: /home/emmanuel/smartcar/install/ackermann_msgs/share/ackermann_msgs/environment/ament_prefix_path.dsv
[18.328s] -- Symlinking: /home/emmanuel/smartcar/install/ackermann_msgs/share/ackermann_msgs/environment/path.sh
[18.341s] -- Symlinking: /home/emmanuel/smartcar/install/ackermann_msgs/share/ackermann_msgs/environment/path.dsv
[18.356s] -- Symlinking: /home/emmanuel/smartcar/install/ackermann_msgs/share/ackermann_msgs/local_setup.bash
[18.370s] -- Symlinking: /home/emmanuel/smartcar/install/ackermann_msgs/share/ackermann_msgs/local_setup.sh
[18.383s] -- Symlinking: /home/emmanuel/smartcar/install/ackermann_msgs/share/ackermann_msgs/local_setup.zsh
[18.397s] -- Symlinking: /home/emmanuel/smartcar/install/ackermann_msgs/share/ackermann_msgs/local_setup.dsv
[18.411s] -- Symlinking: /home/emmanuel/smartcar/install/ackermann_msgs/share/ackermann_msgs/package.dsv
[18.427s] -- Symlinking: /home/emmanuel/smartcar/install/ackermann_msgs/share/ament_index/resource_index/packages/ackermann_msgs
[18.441s] -- Symlinking: /home/emmanuel/smartcar/install/ackermann_msgs/share/ackermann_msgs/cmake/rosidl_cmake-extras.cmake
[18.457s] -- Symlinking: /home/emmanuel/smartcar/install/ackermann_msgs/share/ackermann_msgs/cmake/ament_cmake_export_dependencies-extras.cmake
[18.473s] -- Symlinking: /home/emmanuel/smartcar/install/ackermann_msgs/share/ackermann_msgs/cmake/ament_cmake_export_include_directories-extras.cmake
[18.487s] -- Symlinking: /home/emmanuel/smartcar/install/ackermann_msgs/share/ackermann_msgs/cmake/ament_cmake_export_libraries-extras.cmake
[18.502s] -- Symlinking: /home/emmanuel/smartcar/install/ackermann_msgs/share/ackermann_msgs/cmake/ament_cmake_export_targets-extras.cmake
[18.516s] -- Symlinking: /home/emmanuel/smartcar/install/ackermann_msgs/share/ackermann_msgs/cmake/rosidl_cmake_export_typesupport_targets-extras.cmake
[18.532s] -- Symlinking: /home/emmanuel/smartcar/install/ackermann_msgs/share/ackermann_msgs/cmake/rosidl_cmake_export_typesupport_libraries-extras.cmake
[18.545s] -- Symlinking: /home/emmanuel/smartcar/install/ackermann_msgs/share/ackermann_msgs/cmake/ackermann_msgsConfig.cmake
[18.559s] -- Symlinking: /home/emmanuel/smartcar/install/ackermann_msgs/share/ackermann_msgs/cmake/ackermann_msgsConfig-version.cmake
[18.575s] -- Symlinking: /home/emmanuel/smartcar/install/ackermann_msgs/share/ackermann_msgs/package.xml
[18.590s] -- Installing: /home/emmanuel/smartcar/install/ackermann_msgs/lib/libackermann_msgs__rosidl_generator_c.so
[18.591s] -- Set runtime path of "/home/emmanuel/smartcar/install/ackermann_msgs/lib/libackermann_msgs__rosidl_generator_c.so" to ""
[18.591s] -- Installing: /home/emmanuel/smartcar/install/ackermann_msgs/lib/libackermann_msgs__rosidl_typesupport_fastrtps_c.so
[18.592s] -- Set runtime path of "/home/emmanuel/smartcar/install/ackermann_msgs/lib/libackermann_msgs__rosidl_typesupport_fastrtps_c.so" to ""
[18.592s] -- Installing: /home/emmanuel/smartcar/install/ackermann_msgs/lib/libackermann_msgs__rosidl_typesupport_introspection_c.so
[18.593s] -- Set runtime path of "/home/emmanuel/smartcar/install/ackermann_msgs/lib/libackermann_msgs__rosidl_typesupport_introspection_c.so" to ""
[18.594s] -- Installing: /home/emmanuel/smartcar/install/ackermann_msgs/lib/libackermann_msgs__rosidl_typesupport_c.so
[18.594s] -- Set runtime path of "/home/emmanuel/smartcar/install/ackermann_msgs/lib/libackermann_msgs__rosidl_typesupport_c.so" to ""
[18.595s] -- Installing: /home/emmanuel/smartcar/install/ackermann_msgs/lib/libackermann_msgs__rosidl_typesupport_fastrtps_cpp.so
[18.595s] -- Set runtime path of "/home/emmanuel/smartcar/install/ackermann_msgs/lib/libackermann_msgs__rosidl_typesupport_fastrtps_cpp.so" to ""
[18.596s] -- Installing: /home/emmanuel/smartcar/install/ackermann_msgs/lib/libackermann_msgs__rosidl_typesupport_introspection_cpp.so
[18.596s] -- Set runtime path of "/home/emmanuel/smartcar/install/ackermann_msgs/lib/libackermann_msgs__rosidl_typesupport_introspection_cpp.so" to ""
[18.597s] -- Installing: /home/emmanuel/smartcar/install/ackermann_msgs/lib/libackermann_msgs__rosidl_typesupport_cpp.so
[18.597s] -- Set runtime path of "/home/emmanuel/smartcar/install/ackermann_msgs/lib/libackermann_msgs__rosidl_typesupport_cpp.so" to ""
[18.658s] Listing '/home/emmanuel/smartcar/install/ackermann_msgs/local/lib/python3.10/dist-packages/ackermann_msgs'...
[18.659s] Compiling '/home/emmanuel/smartcar/install/ackermann_msgs/local/lib/python3.10/dist-packages/ackermann_msgs/__init__.py'...
[18.659s] Listing '/home/emmanuel/smartcar/install/ackermann_msgs/local/lib/python3.10/dist-packages/ackermann_msgs/msg'...
[18.659s] Compiling '/home/emmanuel/smartcar/install/ackermann_msgs/local/lib/python3.10/dist-packages/ackermann_msgs/msg/__init__.py'...
[18.659s] Compiling '/home/emmanuel/smartcar/install/ackermann_msgs/local/lib/python3.10/dist-packages/ackermann_msgs/msg/_ackermann_drive.py'...
[18.659s] Compiling '/home/emmanuel/smartcar/install/ackermann_msgs/local/lib/python3.10/dist-packages/ackermann_msgs/msg/_ackermann_drive_stamped.py'...
[18.668s] -- Installing: /home/emmanuel/smartcar/install/ackermann_msgs/lib/libackermann_msgs__rosidl_generator_py.so
[18.669s] -- Set runtime path of "/home/emmanuel/smartcar/install/ackermann_msgs/lib/libackermann_msgs__rosidl_generator_py.so" to ""
[18.669s] -- Installing: /home/emmanuel/smartcar/install/ackermann_msgs/share/ackermann_msgs/cmake/export_ackermann_msgs__rosidl_generator_cExport.cmake
[18.669s] -- Installing: /home/emmanuel/smartcar/install/ackermann_msgs/share/ackermann_msgs/cmake/export_ackermann_msgs__rosidl_generator_cExport-noconfig.cmake
[18.670s] -- Installing: /home/emmanuel/smartcar/install/ackermann_msgs/share/ackermann_msgs/cmake/export_ackermann_msgs__rosidl_typesupport_fastrtps_cExport.cmake
[18.670s] -- Installing: /home/emmanuel/smartcar/install/ackermann_msgs/share/ackermann_msgs/cmake/export_ackermann_msgs__rosidl_typesupport_fastrtps_cExport-noconfig.cmake
[18.670s] -- Installing: /home/emmanuel/smartcar/install/ackermann_msgs/share/ackermann_msgs/cmake/ackermann_msgs__rosidl_typesupport_introspection_cExport.cmake
[18.671s] -- Installing: /home/emmanuel/smartcar/install/ackermann_msgs/share/ackermann_msgs/cmake/ackermann_msgs__rosidl_typesupport_introspection_cExport-noconfig.cmake
[18.671s] -- Installing: /home/emmanuel/smartcar/install/ackermann_msgs/share/ackermann_msgs/cmake/ackermann_msgs__rosidl_typesupport_cExport.cmake
[18.671s] -- Installing: /home/emmanuel/smartcar/install/ackermann_msgs/share/ackermann_msgs/cmake/ackermann_msgs__rosidl_typesupport_cExport-noconfig.cmake
[18.671s] -- Installing: /home/emmanuel/smartcar/install/ackermann_msgs/share/ackermann_msgs/cmake/export_ackermann_msgs__rosidl_generator_cppExport.cmake
[18.672s] -- Installing: /home/emmanuel/smartcar/install/ackermann_msgs/share/ackermann_msgs/cmake/export_ackermann_msgs__rosidl_typesupport_fastrtps_cppExport.cmake
[18.672s] -- Installing: /home/emmanuel/smartcar/install/ackermann_msgs/share/ackermann_msgs/cmake/export_ackermann_msgs__rosidl_typesupport_fastrtps_cppExport-noconfig.cmake
[18.673s] -- Installing: /home/emmanuel/smartcar/install/ackermann_msgs/share/ackermann_msgs/cmake/ackermann_msgs__rosidl_typesupport_introspection_cppExport.cmake
[18.673s] -- Installing: /home/emmanuel/smartcar/install/ackermann_msgs/share/ackermann_msgs/cmake/ackermann_msgs__rosidl_typesupport_introspection_cppExport-noconfig.cmake
[18.673s] -- Installing: /home/emmanuel/smartcar/install/ackermann_msgs/share/ackermann_msgs/cmake/ackermann_msgs__rosidl_typesupport_cppExport.cmake
[18.673s] -- Installing: /home/emmanuel/smartcar/install/ackermann_msgs/share/ackermann_msgs/cmake/ackermann_msgs__rosidl_typesupport_cppExport-noconfig.cmake
[18.674s] -- Installing: /home/emmanuel/smartcar/install/ackermann_msgs/share/ackermann_msgs/cmake/export_ackermann_msgs__rosidl_generator_pyExport.cmake
[18.674s] -- Installing: /home/emmanuel/smartcar/install/ackermann_msgs/share/ackermann_msgs/cmake/export_ackermann_msgs__rosidl_generator_pyExport-noconfig.cmake
[18.679s] Invoked command in '/home/emmanuel/smartcar/build/ackermann_msgs' returned '0': CMAKE_PREFIX_PATH=/opt/ros/humble /usr/bin/cmake --install /home/emmanuel/smartcar/build/ackermann_msgs
