-- The C compiler identification is GNU 11.4.0
-- The CXX compiler identification is GNU 11.4.0
-- Detecting C compiler ABI info
-- Detecting C compiler ABI info - done
-- Check for working C compiler: /usr/bin/cc - skipped
-- Detecting C compile features
-- Detecting C compile features - done
-- Detecting CXX compiler ABI info
-- Detecting CXX compiler ABI info - done
-- Check for working CXX compiler: /usr/bin/c++ - skipped
-- Detecting CXX compile features
-- Detecting CXX compile features - done
-- Found ament_cmake: 1.3.12 (/opt/ros/humble/share/ament_cmake/cmake)
-- Found Python3: /usr/bin/python3 (found version "3.10.12") found components: Interpreter 
-- Override CMake install command with custom implementation using symlinks instead of copying resources
-- Found rclcpp: 16.0.15 (/opt/ros/humble/share/rclcpp/cmake)
-- Found rosidl_generator_c: 3.1.7 (/opt/ros/humble/share/rosidl_generator_c/cmake)
-- Found rosidl_adapter: 3.1.7 (/opt/ros/humble/share/rosidl_adapter/cmake)
-- Found rosidl_generator_cpp: 3.1.7 (/opt/ros/humble/share/rosidl_generator_cpp/cmake)
-- Using all available rosidl_typesupport_c: rosidl_typesupport_fastrtps_c;rosidl_typesupport_introspection_c
-- Using all available rosidl_typesupport_cpp: rosidl_typesupport_fastrtps_cpp;rosidl_typesupport_introspection_cpp
-- Found rmw_implementation_cmake: 6.1.2 (/opt/ros/humble/share/rmw_implementation_cmake/cmake)
-- Found rmw_fastrtps_cpp: 6.2.8 (/opt/ros/humble/share/rmw_fastrtps_cpp/cmake)
-- Found OpenSSL: /usr/lib/x86_64-linux-gnu/libcrypto.so (found version "3.0.2")  
-- Found FastRTPS: /opt/ros/humble/include  
-- Using RMW implementation 'rmw_fastrtps_cpp' as default
-- Looking for pthread.h
-- Looking for pthread.h - found
-- Performing Test CMAKE_HAVE_LIBC_PTHREAD
-- Performing Test CMAKE_HAVE_LIBC_PTHREAD - Success
-- Found Threads: TRUE  
-- Found rclpy: 3.3.17 (/opt/ros/humble/share/rclpy/cmake)
-- Found sensor_msgs: 4.9.0 (/opt/ros/humble/share/sensor_msgs/cmake)
-- Found nav_msgs: 4.9.0 (/opt/ros/humble/share/nav_msgs/cmake)
-- Found tf2: 0.25.16 (/opt/ros/humble/share/tf2/cmake)
-- Found tf2_ros: 0.25.16 (/opt/ros/humble/share/tf2_ros/cmake)
-- Found urdf: 2.6.1 (/opt/ros/humble/share/urdf/cmake)
-- Found xacro: 2.1.1 (/opt/ros/humble/share/xacro/cmake)
-- Found robot_state_publisher: 3.0.3 (/opt/ros/humble/share/robot_state_publisher/cmake)
-- Found eigen3_cmake_module: 0.1.1 (/opt/ros/humble/share/eigen3_cmake_module/cmake)
-- Found Eigen3: TRUE (found version "3.4.0") 
-- Ensuring Eigen3 include directory is part of orocos-kdl CMake target
-- Found gazebo_dev: 3.9.0 (/opt/ros/humble/share/gazebo_dev/cmake)
-- Found PkgConfig: /usr/bin/pkg-config (found version "0.29.2") 
-- Checking for module 'bullet>=2.82'
--   Found bullet, version 3.05
-- Found fcl: /usr/include (found suitable version "0.7.0", minimum required is "0.5.0") 
-- Found assimp: /usr/include (found version "5.2.0") 
-- Found DART: /usr/include (Required is at least version "6.6") found components: dart 
-- Found Boost: /usr/lib/x86_64-linux-gnu/cmake/Boost-1.74.0/BoostConfig.cmake (found suitable version "1.74.0", minimum required is "1.40.0") found components: thread system filesystem program_options regex iostreams date_time 
-- Found Protobuf: /usr/lib/x86_64-linux-gnu/libprotobuf.so (found version "3.12.4") 
-- Looking for ignition-math6 -- found version 6.15.1
-- Searching for dependencies of ignition-math6
-- Looking for OGRE...
-- OGRE_PREFIX_WATCH changed.
-- Checking for module 'OGRE'
--   Found OGRE, version 1.9.0
-- Found Ogre Ghadamon (1.9.0)
-- Found OGRE: optimized;/usr/lib/x86_64-linux-gnu/libOgreMain.so;debug;/usr/lib/x86_64-linux-gnu/libOgreMain.so
-- Looking for OGRE_Paging...
-- Found OGRE_Paging: optimized;/usr/lib/x86_64-linux-gnu/libOgrePaging.so;debug;/usr/lib/x86_64-linux-gnu/libOgrePaging.so
-- Looking for OGRE_Terrain...
-- Found OGRE_Terrain: optimized;/usr/lib/x86_64-linux-gnu/libOgreTerrain.so;debug;/usr/lib/x86_64-linux-gnu/libOgreTerrain.so
-- Looking for OGRE_Property...
-- Found OGRE_Property: optimized;/usr/lib/x86_64-linux-gnu/libOgreProperty.so;debug;/usr/lib/x86_64-linux-gnu/libOgreProperty.so
-- Looking for OGRE_RTShaderSystem...
-- Found OGRE_RTShaderSystem: optimized;/usr/lib/x86_64-linux-gnu/libOgreRTShaderSystem.so;debug;/usr/lib/x86_64-linux-gnu/libOgreRTShaderSystem.so
-- Looking for OGRE_Volume...
-- Found OGRE_Volume: optimized;/usr/lib/x86_64-linux-gnu/libOgreVolume.so;debug;/usr/lib/x86_64-linux-gnu/libOgreVolume.so
-- Looking for OGRE_Overlay...
-- Found OGRE_Overlay: optimized;/usr/lib/x86_64-linux-gnu/libOgreOverlay.so;debug;/usr/lib/x86_64-linux-gnu/libOgreOverlay.so
-- Looking for ignition-math6 -- found version 6.15.1
-- Looking for ignition-transport8 -- found version 8.2.1
-- Searching for dependencies of ignition-transport8
-- Found Protobuf: /usr/lib/x86_64-linux-gnu/libprotobuf.so (found suitable version "3.12.4", minimum required is "3") 
-- Config-file not installed for ZeroMQ -- checking for pkg-config
-- Checking for module 'libzmq >= 4'
--   Found libzmq , version 4.3.4
-- Found ZeroMQ: TRUE (Required is at least version "4") 
-- Checking for module 'uuid'
--   Found uuid, version 2.37.2
-- Found UUID: TRUE  
-- Looking for ignition-msgs5 -- found version 5.8.1
-- Searching for dependencies of ignition-msgs5
-- Looking for ignition-math6 -- found version 6.15.1
-- Checking for module 'tinyxml2'
--   Found tinyxml2, version 9.0.0
-- Looking for ignition-msgs5 -- found version 5.8.1
-- Looking for ignition-common3 -- found version 3.14.0
-- Searching for dependencies of ignition-common3
-- Looking for dlfcn.h - found
-- Looking for libdl - found
-- Found DL: TRUE  
-- Found tinyobjloader: /usr/lib/x86_64-linux-gnu/cmake/tinyobjloader/tinyobjloader-config.cmake (found version "2.0.0") 
-- Searching for <ignition-common3> component [graphics]
-- Looking for ignition-common3-graphics -- found version 3.14.0
-- Searching for dependencies of ignition-common3-graphics
-- Looking for ignition-math6 -- found version 6.15.1
-- Looking for ignition-fuel_tools4 -- found version 4.4.0
-- Searching for dependencies of ignition-fuel_tools4
-- Found CURL: /usr/lib/x86_64-linux-gnu/libcurl.so (found version "7.81.0")  
-- Checking for module 'jsoncpp'
--   Found jsoncpp, version 1.9.5
-- Found JSONCPP: TRUE  
-- Checking for module 'libzip'
--   Found libzip, version 1.7.3
-- Found ZIP: TRUE  
-- Looking for ignition-common3 -- found version 3.14.0
-- Looking for ignition-math6 -- found version 6.15.1
-- Looking for ignition-msgs5 -- found version 5.8.1
-- Gazebo version: 11.10
-- Checking for module 'tbb'
--   Found tbb, version 2021.5.0
-- Found gazebo_ros: 3.9.0 (/opt/ros/humble/share/gazebo_ros/cmake)
-- Found ackermann_msgs: 2.0.2 (/home/emmanuel/smartcar/install/ackermann_msgs/share/ackermann_msgs/cmake)
-- Found smartcar_msgs: 0.0.0 (/home/emmanuel/smartcar/install/smartcar_msgs/share/smartcar_msgs/cmake)
-- Found ament_lint_auto: 0.12.14 (/opt/ros/humble/share/ament_lint_auto/cmake)
-- Added test 'cppcheck' to perform static code analysis on C / C++ code
-- Configured cppcheck include dirs: $<BUILD_INTERFACE:/home/emmanuel/smartcar/src/smartcar/car_plugin>
-- Configured cppcheck exclude dirs and/or files: 
-- Added test 'flake8' to check Python code syntax and style conventions
-- Added test 'lint_cmake' to check CMake code style
-- Added test 'pep257' to check Python code against some of the docstring style conventions in PEP 257
-- Added test 'uncrustify' to check C / C++ code style
-- Configured uncrustify additional arguments: 
-- Added test 'xmllint' to check XML markup files
-- Configuring done
-- Generating done
-- Build files have been written to: /home/emmanuel/smartcar/build/smartcar
[ 50%] [32mBuilding CXX object CMakeFiles/car_gazebo_plugin.dir/car_plugin/car_gazebo_plugin.cpp.o[0m
[100%] [32m[1mLinking CXX shared library libcar_gazebo_plugin.so[0m
[100%] Built target car_gazebo_plugin
-- Install configuration: ""
-- Execute custom install script
-- Symlinking: /home/emmanuel/smartcar/install/smartcar/share/smartcar//urdf/sensors.urdf.xacro
-- Symlinking: /home/emmanuel/smartcar/install/smartcar/share/smartcar//urdf/smartcar.urdf.xacro
-- Symlinking: /home/emmanuel/smartcar/install/smartcar/share/smartcar//launch/__pycache__/smartcar_complete.launch.cpython-310.pyc
-- Symlinking: /home/emmanuel/smartcar/install/smartcar/share/smartcar//launch/gazebo.launch.py
-- Symlinking: /home/emmanuel/smartcar/install/smartcar/share/smartcar//launch/localization.launch.py
-- Symlinking: /home/emmanuel/smartcar/install/smartcar/share/smartcar//launch/nav2.launch.py
-- Symlinking: /home/emmanuel/smartcar/install/smartcar/share/smartcar//launch/smartcar_complete.launch.py
-- Symlinking: /home/emmanuel/smartcar/install/smartcar/share/smartcar//rviz/nav2.rviz
-- Symlinking: /home/emmanuel/smartcar/install/smartcar/share/smartcar//rviz/smartcar.rviz
-- Symlinking: /home/emmanuel/smartcar/install/smartcar/share/smartcar//maps/smalltown.world
-- Symlinking: /home/emmanuel/smartcar/install/smartcar/share/smartcar//maps/smalltown_world.pgm
-- Symlinking: /home/emmanuel/smartcar/install/smartcar/share/smartcar//maps/smalltown_world.yaml
-- Symlinking: /home/emmanuel/smartcar/install/smartcar/share/smartcar//config/ekf.yaml
-- Symlinking: /home/emmanuel/smartcar/install/smartcar/share/smartcar//config/nav2_params.yaml
-- Symlinking: /home/emmanuel/smartcar/install/smartcar/share/smartcar//README.md
-- Symlinking: /home/emmanuel/smartcar/install/smartcar/lib/libcar_gazebo_plugin.so
-- Symlinking: /home/emmanuel/smartcar/install/smartcar/lib/smartcar//joint_state_publisher.py
-- Symlinking: /home/emmanuel/smartcar/install/smartcar/lib/smartcar//joy_twist.py
-- Symlinking: /home/emmanuel/smartcar/install/smartcar/lib/smartcar//vehicle_interface.py
-- Symlinking: /home/emmanuel/smartcar/install/smartcar/lib/smartcar//wheel_odom.py
-- Symlinking: /home/emmanuel/smartcar/install/smartcar/share/ament_index/resource_index/package_run_dependencies/smartcar
-- Symlinking: /home/emmanuel/smartcar/install/smartcar/share/ament_index/resource_index/parent_prefix_path/smartcar
-- Symlinking: /home/emmanuel/smartcar/install/smartcar/share/smartcar/environment/ament_prefix_path.sh
-- Symlinking: /home/emmanuel/smartcar/install/smartcar/share/smartcar/environment/ament_prefix_path.dsv
-- Symlinking: /home/emmanuel/smartcar/install/smartcar/share/smartcar/environment/path.sh
-- Symlinking: /home/emmanuel/smartcar/install/smartcar/share/smartcar/environment/path.dsv
-- Symlinking: /home/emmanuel/smartcar/install/smartcar/share/smartcar/local_setup.bash
-- Symlinking: /home/emmanuel/smartcar/install/smartcar/share/smartcar/local_setup.sh
-- Symlinking: /home/emmanuel/smartcar/install/smartcar/share/smartcar/local_setup.zsh
-- Symlinking: /home/emmanuel/smartcar/install/smartcar/share/smartcar/local_setup.dsv
-- Symlinking: /home/emmanuel/smartcar/install/smartcar/share/smartcar/package.dsv
-- Symlinking: /home/emmanuel/smartcar/install/smartcar/share/ament_index/resource_index/packages/smartcar
-- Symlinking: /home/emmanuel/smartcar/install/smartcar/share/smartcar/cmake/smartcarConfig.cmake
-- Symlinking: /home/emmanuel/smartcar/install/smartcar/share/smartcar/cmake/smartcarConfig-version.cmake
-- Symlinking: /home/emmanuel/smartcar/install/smartcar/share/smartcar/package.xml
