[0.736s] DEBUG:colcon:Command line arguments: ['/usr/bin/colcon', 'build', '--symlink-install', '--packages-select', 'smartcar']
[0.736s] DEBUG:colcon:Parsed command line arguments: Namespace(log_base=None, log_level=None, verb_name='build', build_base='build', install_base='install', merge_install=False, symlink_install=True, test_result_base=None, continue_on_error=False, executor='parallel', parallel_workers=4, event_handlers=None, ignore_user_meta=False, metas=['./colcon.meta'], base_paths=['.'], packages_ignore=None, packages_ignore_regex=None, paths=None, packages_up_to=None, packages_up_to_regex=None, packages_above=None, packages_above_and_dependencies=None, packages_above_depth=None, packages_select_by_dep=None, packages_skip_by_dep=None, packages_skip_up_to=None, packages_select_build_failed=False, packages_skip_build_finished=False, packages_select_test_failures=False, packages_skip_test_passed=False, packages_select=['smartcar'], packages_skip=None, packages_select_regex=None, packages_skip_regex=None, packages_start=None, packages_end=None, allow_overriding=[], cmake_args=None, cmake_target=None, cmake_target_skip_unavailable=False, cmake_clean_cache=False, cmake_clean_first=False, cmake_force_configure=False, ament_cmake_args=None, catkin_cmake_args=None, catkin_skip_building_tests=False, mixin_files=None, mixin=None, verb_parser=<colcon_mixin.mixin.mixin_argument.MixinArgumentDecorator object at 0x7c15944f1de0>, verb_extension=<colcon_core.verb.build.BuildVerb object at 0x7c159466b7c0>, main=<bound method BuildVerb.main of <colcon_core.verb.build.BuildVerb object at 0x7c159466b7c0>>, mixin_verb=('build',))
[2.699s] Level 1:colcon.colcon_core.package_discovery:discover_packages(colcon_meta) check parameters
[2.700s] Level 1:colcon.colcon_core.package_discovery:discover_packages(recursive) check parameters
[2.700s] Level 1:colcon.colcon_core.package_discovery:discover_packages(ignore) check parameters
[2.700s] Level 1:colcon.colcon_core.package_discovery:discover_packages(path) check parameters
[2.700s] Level 1:colcon.colcon_core.package_discovery:discover_packages(colcon_meta) discover
[2.701s] Level 1:colcon.colcon_core.package_discovery:discover_packages(recursive) discover
[2.701s] INFO:colcon.colcon_core.package_discovery:Crawling recursively for packages in '/home/emmanuel/smartcar'
[2.702s] Level 1:colcon.colcon_core.package_identification:_identify(.) by extensions ['ignore', 'ignore_ament_install']
[2.702s] Level 1:colcon.colcon_core.package_identification:_identify(.) by extension 'ignore'
[2.703s] Level 1:colcon.colcon_core.package_identification:_identify(.) by extension 'ignore_ament_install'
[2.703s] Level 1:colcon.colcon_core.package_identification:_identify(.) by extensions ['colcon_pkg']
[2.703s] Level 1:colcon.colcon_core.package_identification:_identify(.) by extension 'colcon_pkg'
[2.703s] Level 1:colcon.colcon_core.package_identification:_identify(.) by extensions ['colcon_meta']
[2.703s] Level 1:colcon.colcon_core.package_identification:_identify(.) by extension 'colcon_meta'
[2.704s] Level 1:colcon.colcon_core.package_identification:_identify(.) by extensions ['ros']
[2.704s] Level 1:colcon.colcon_core.package_identification:_identify(.) by extension 'ros'
[2.752s] Level 1:colcon.colcon_core.package_identification:_identify(.) by extensions ['cmake', 'python']
[2.752s] Level 1:colcon.colcon_core.package_identification:_identify(.) by extension 'cmake'
[2.752s] Level 1:colcon.colcon_core.package_identification:_identify(.) by extension 'python'
[2.752s] Level 1:colcon.colcon_core.package_identification:_identify(.) by extensions ['python_setup_py']
[2.753s] Level 1:colcon.colcon_core.package_identification:_identify(.) by extension 'python_setup_py'
[2.753s] Level 1:colcon.colcon_core.package_identification:_identify(build) by extensions ['ignore', 'ignore_ament_install']
[2.753s] Level 1:colcon.colcon_core.package_identification:_identify(build) by extension 'ignore'
[2.754s] Level 1:colcon.colcon_core.package_identification:_identify(build) ignored
[2.754s] Level 1:colcon.colcon_core.package_identification:_identify(install) by extensions ['ignore', 'ignore_ament_install']
[2.755s] Level 1:colcon.colcon_core.package_identification:_identify(install) by extension 'ignore'
[2.755s] Level 1:colcon.colcon_core.package_identification:_identify(install) ignored
[2.756s] Level 1:colcon.colcon_core.package_identification:_identify(log) by extensions ['ignore', 'ignore_ament_install']
[2.756s] Level 1:colcon.colcon_core.package_identification:_identify(log) by extension 'ignore'
[2.756s] Level 1:colcon.colcon_core.package_identification:_identify(log) ignored
[2.756s] Level 1:colcon.colcon_core.package_identification:_identify(src) by extensions ['ignore', 'ignore_ament_install']
[2.757s] Level 1:colcon.colcon_core.package_identification:_identify(src) by extension 'ignore'
[2.757s] Level 1:colcon.colcon_core.package_identification:_identify(src) by extension 'ignore_ament_install'
[2.757s] Level 1:colcon.colcon_core.package_identification:_identify(src) by extensions ['colcon_pkg']
[2.757s] Level 1:colcon.colcon_core.package_identification:_identify(src) by extension 'colcon_pkg'
[2.757s] Level 1:colcon.colcon_core.package_identification:_identify(src) by extensions ['colcon_meta']
[2.758s] Level 1:colcon.colcon_core.package_identification:_identify(src) by extension 'colcon_meta'
[2.758s] Level 1:colcon.colcon_core.package_identification:_identify(src) by extensions ['ros']
[2.758s] Level 1:colcon.colcon_core.package_identification:_identify(src) by extension 'ros'
[2.758s] Level 1:colcon.colcon_core.package_identification:_identify(src) by extensions ['cmake', 'python']
[2.758s] Level 1:colcon.colcon_core.package_identification:_identify(src) by extension 'cmake'
[2.758s] Level 1:colcon.colcon_core.package_identification:_identify(src) by extension 'python'
[2.759s] Level 1:colcon.colcon_core.package_identification:_identify(src) by extensions ['python_setup_py']
[2.759s] Level 1:colcon.colcon_core.package_identification:_identify(src) by extension 'python_setup_py'
[2.759s] Level 1:colcon.colcon_core.package_identification:_identify(src/ackermann_msgs) by extensions ['ignore', 'ignore_ament_install']
[2.760s] Level 1:colcon.colcon_core.package_identification:_identify(src/ackermann_msgs) by extension 'ignore'
[2.760s] Level 1:colcon.colcon_core.package_identification:_identify(src/ackermann_msgs) by extension 'ignore_ament_install'
[2.760s] Level 1:colcon.colcon_core.package_identification:_identify(src/ackermann_msgs) by extensions ['colcon_pkg']
[2.761s] Level 1:colcon.colcon_core.package_identification:_identify(src/ackermann_msgs) by extension 'colcon_pkg'
[2.761s] Level 1:colcon.colcon_core.package_identification:_identify(src/ackermann_msgs) by extensions ['colcon_meta']
[2.761s] Level 1:colcon.colcon_core.package_identification:_identify(src/ackermann_msgs) by extension 'colcon_meta'
[2.761s] Level 1:colcon.colcon_core.package_identification:_identify(src/ackermann_msgs) by extensions ['ros']
[2.761s] Level 1:colcon.colcon_core.package_identification:_identify(src/ackermann_msgs) by extension 'ros'
[2.772s] DEBUG:colcon.colcon_core.package_identification:Package 'src/ackermann_msgs' with type 'ros.ament_cmake' and name 'ackermann_msgs'
[2.772s] Level 1:colcon.colcon_core.package_identification:_identify(src/smartcar) by extensions ['ignore', 'ignore_ament_install']
[2.772s] Level 1:colcon.colcon_core.package_identification:_identify(src/smartcar) by extension 'ignore'
[2.773s] Level 1:colcon.colcon_core.package_identification:_identify(src/smartcar) by extension 'ignore_ament_install'
[2.773s] Level 1:colcon.colcon_core.package_identification:_identify(src/smartcar) by extensions ['colcon_pkg']
[2.773s] Level 1:colcon.colcon_core.package_identification:_identify(src/smartcar) by extension 'colcon_pkg'
[2.773s] Level 1:colcon.colcon_core.package_identification:_identify(src/smartcar) by extensions ['colcon_meta']
[2.773s] Level 1:colcon.colcon_core.package_identification:_identify(src/smartcar) by extension 'colcon_meta'
[2.773s] Level 1:colcon.colcon_core.package_identification:_identify(src/smartcar) by extensions ['ros']
[2.773s] Level 1:colcon.colcon_core.package_identification:_identify(src/smartcar) by extension 'ros'
[2.782s] DEBUG:colcon.colcon_core.package_identification:Package 'src/smartcar' with type 'ros.ament_cmake' and name 'smartcar'
[2.782s] Level 1:colcon.colcon_core.package_identification:_identify(src/smartcar_msgs) by extensions ['ignore', 'ignore_ament_install']
[2.782s] Level 1:colcon.colcon_core.package_identification:_identify(src/smartcar_msgs) by extension 'ignore'
[2.783s] Level 1:colcon.colcon_core.package_identification:_identify(src/smartcar_msgs) by extension 'ignore_ament_install'
[2.783s] Level 1:colcon.colcon_core.package_identification:_identify(src/smartcar_msgs) by extensions ['colcon_pkg']
[2.783s] Level 1:colcon.colcon_core.package_identification:_identify(src/smartcar_msgs) by extension 'colcon_pkg'
[2.783s] Level 1:colcon.colcon_core.package_identification:_identify(src/smartcar_msgs) by extensions ['colcon_meta']
[2.783s] Level 1:colcon.colcon_core.package_identification:_identify(src/smartcar_msgs) by extension 'colcon_meta'
[2.783s] Level 1:colcon.colcon_core.package_identification:_identify(src/smartcar_msgs) by extensions ['ros']
[2.783s] Level 1:colcon.colcon_core.package_identification:_identify(src/smartcar_msgs) by extension 'ros'
[2.788s] DEBUG:colcon.colcon_core.package_identification:Package 'src/smartcar_msgs' with type 'ros.ament_cmake' and name 'smartcar_msgs'
[2.789s] Level 1:colcon.colcon_core.package_discovery:discover_packages(recursive) using defaults
[2.789s] Level 1:colcon.colcon_core.package_discovery:discover_packages(ignore) discover
[2.789s] Level 1:colcon.colcon_core.package_discovery:discover_packages(ignore) using defaults
[2.789s] Level 1:colcon.colcon_core.package_discovery:discover_packages(path) discover
[2.789s] Level 1:colcon.colcon_core.package_discovery:discover_packages(path) using defaults
[3.042s] INFO:colcon.colcon_core.package_selection:Skipping not selected package 'ackermann_msgs' in 'src/ackermann_msgs'
[3.043s] INFO:colcon.colcon_core.package_selection:Skipping not selected package 'smartcar_msgs' in 'src/smartcar_msgs'
[3.045s] Level 1:colcon.colcon_core.package_discovery:discover_packages(prefix_path) check parameters
[3.046s] Level 1:colcon.colcon_core.package_discovery:discover_packages(prefix_path) discover
[3.055s] DEBUG:colcon.colcon_installed_package_information.package_discovery:Found 3 installed packages in /home/emmanuel/smartcar/install
[3.061s] DEBUG:colcon.colcon_installed_package_information.package_discovery:Found 341 installed packages in /opt/ros/humble
[3.068s] Level 1:colcon.colcon_core.package_discovery:discover_packages(prefix_path) using defaults
[3.251s] Level 5:colcon.colcon_core.verb:set package 'smartcar' build argument 'cmake_args' from command line to 'None'
[3.251s] Level 5:colcon.colcon_core.verb:set package 'smartcar' build argument 'cmake_target' from command line to 'None'
[3.251s] Level 5:colcon.colcon_core.verb:set package 'smartcar' build argument 'cmake_target_skip_unavailable' from command line to 'False'
[3.251s] Level 5:colcon.colcon_core.verb:set package 'smartcar' build argument 'cmake_clean_cache' from command line to 'False'
[3.251s] Level 5:colcon.colcon_core.verb:set package 'smartcar' build argument 'cmake_clean_first' from command line to 'False'
[3.252s] Level 5:colcon.colcon_core.verb:set package 'smartcar' build argument 'cmake_force_configure' from command line to 'False'
[3.252s] Level 5:colcon.colcon_core.verb:set package 'smartcar' build argument 'ament_cmake_args' from command line to 'None'
[3.252s] Level 5:colcon.colcon_core.verb:set package 'smartcar' build argument 'catkin_cmake_args' from command line to 'None'
[3.252s] Level 5:colcon.colcon_core.verb:set package 'smartcar' build argument 'catkin_skip_building_tests' from command line to 'False'
[3.252s] DEBUG:colcon.colcon_core.verb:Building package 'smartcar' with the following arguments: {'ament_cmake_args': None, 'build_base': '/home/emmanuel/smartcar/build/smartcar', 'catkin_cmake_args': None, 'catkin_skip_building_tests': False, 'cmake_args': None, 'cmake_clean_cache': False, 'cmake_clean_first': False, 'cmake_force_configure': False, 'cmake_target': None, 'cmake_target_skip_unavailable': False, 'install_base': '/home/emmanuel/smartcar/install/smartcar', 'merge_install': False, 'path': '/home/emmanuel/smartcar/src/smartcar', 'symlink_install': True, 'test_result_base': None}
[3.253s] INFO:colcon.colcon_core.executor:Executing jobs using 'parallel' executor
[3.255s] DEBUG:colcon.colcon_parallel_executor.executor.parallel:run_until_complete
[3.256s] INFO:colcon.colcon_ros.task.ament_cmake.build:Building ROS package in '/home/emmanuel/smartcar/src/smartcar' with build type 'ament_cmake'
[3.257s] INFO:colcon.colcon_cmake.task.cmake.build:Building CMake package in '/home/emmanuel/smartcar/src/smartcar'
[3.270s] INFO:colcon.colcon_core.plugin_system:Skipping extension 'colcon_core.shell.bat': Not used on non-Windows systems
[3.271s] INFO:colcon.colcon_core.shell:Skip shell extension 'powershell' for command environment: Not usable outside of PowerShell
[3.271s] DEBUG:colcon.colcon_core.shell:Skip shell extension 'dsv' for command environment
[3.428s] DEBUG:colcon.colcon_core.event_handler.log_command:Invoking command in '/home/emmanuel/smartcar/build/smartcar': CMAKE_PREFIX_PATH=/home/emmanuel/smartcar/install/smartcar_msgs:/home/emmanuel/smartcar/install/ackermann_msgs:/home/emmanuel/smartcar/install/smartcar:/opt/ros/humble LD_LIBRARY_PATH=/home/emmanuel/smartcar/install/smartcar_msgs/lib:/home/emmanuel/smartcar/install/ackermann_msgs/lib:/home/emmanuel/smartcar/install/smartcar/lib:/usr/lib/x86_64-linux-gnu/gazebo-11/plugins:/opt/ros/humble/opt/rviz_ogre_vendor/lib:/opt/ros/humble/lib/x86_64-linux-gnu:/opt/ros/humble/lib /usr/bin/cmake --build /home/emmanuel/smartcar/build/smartcar -- -j4 -l4
[4.619s] DEBUG:colcon.colcon_core.event_handler.log_command:Invoked command in '/home/emmanuel/smartcar/build/smartcar' returned '0': CMAKE_PREFIX_PATH=/home/emmanuel/smartcar/install/smartcar_msgs:/home/emmanuel/smartcar/install/ackermann_msgs:/home/emmanuel/smartcar/install/smartcar:/opt/ros/humble LD_LIBRARY_PATH=/home/emmanuel/smartcar/install/smartcar_msgs/lib:/home/emmanuel/smartcar/install/ackermann_msgs/lib:/home/emmanuel/smartcar/install/smartcar/lib:/usr/lib/x86_64-linux-gnu/gazebo-11/plugins:/opt/ros/humble/opt/rviz_ogre_vendor/lib:/opt/ros/humble/lib/x86_64-linux-gnu:/opt/ros/humble/lib /usr/bin/cmake --build /home/emmanuel/smartcar/build/smartcar -- -j4 -l4
[4.653s] DEBUG:colcon.colcon_core.event_handler.log_command:Invoking command in '/home/emmanuel/smartcar/build/smartcar': CMAKE_PREFIX_PATH=/home/emmanuel/smartcar/install/smartcar_msgs:/home/emmanuel/smartcar/install/ackermann_msgs:/home/emmanuel/smartcar/install/smartcar:/opt/ros/humble LD_LIBRARY_PATH=/home/emmanuel/smartcar/install/smartcar_msgs/lib:/home/emmanuel/smartcar/install/ackermann_msgs/lib:/home/emmanuel/smartcar/install/smartcar/lib:/usr/lib/x86_64-linux-gnu/gazebo-11/plugins:/opt/ros/humble/opt/rviz_ogre_vendor/lib:/opt/ros/humble/lib/x86_64-linux-gnu:/opt/ros/humble/lib /usr/bin/cmake --install /home/emmanuel/smartcar/build/smartcar
[4.865s] Level 1:colcon.colcon_core.environment:create_environment_scripts_only(smartcar)
[4.949s] DEBUG:colcon.colcon_core.event_handler.log_command:Invoked command in '/home/emmanuel/smartcar/build/smartcar' returned '0': CMAKE_PREFIX_PATH=/home/emmanuel/smartcar/install/smartcar_msgs:/home/emmanuel/smartcar/install/ackermann_msgs:/home/emmanuel/smartcar/install/smartcar:/opt/ros/humble LD_LIBRARY_PATH=/home/emmanuel/smartcar/install/smartcar_msgs/lib:/home/emmanuel/smartcar/install/ackermann_msgs/lib:/home/emmanuel/smartcar/install/smartcar/lib:/usr/lib/x86_64-linux-gnu/gazebo-11/plugins:/opt/ros/humble/opt/rviz_ogre_vendor/lib:/opt/ros/humble/lib/x86_64-linux-gnu:/opt/ros/humble/lib /usr/bin/cmake --install /home/emmanuel/smartcar/build/smartcar
[5.207s] Level 1:colcon.colcon_core.environment:checking '/home/emmanuel/smartcar/install/smartcar' for CMake module files
[5.208s] Level 1:colcon.colcon_core.environment:checking '/home/emmanuel/smartcar/install/smartcar' for CMake config files
[5.209s] Level 1:colcon.colcon_core.shell:create_environment_hook('smartcar', 'cmake_prefix_path')
[5.210s] INFO:colcon.colcon_core.shell:Creating environment hook '/home/emmanuel/smartcar/install/smartcar/share/smartcar/hook/cmake_prefix_path.ps1'
[5.211s] INFO:colcon.colcon_core.shell:Creating environment descriptor '/home/emmanuel/smartcar/install/smartcar/share/smartcar/hook/cmake_prefix_path.dsv'
[5.257s] INFO:colcon.colcon_core.shell:Creating environment hook '/home/emmanuel/smartcar/install/smartcar/share/smartcar/hook/cmake_prefix_path.sh'
[5.301s] Level 1:colcon.colcon_core.environment:checking '/home/emmanuel/smartcar/install/smartcar/lib'
[5.302s] Level 1:colcon.colcon_core.shell:create_environment_hook('smartcar', 'ld_library_path_lib')
[5.303s] INFO:colcon.colcon_core.shell:Creating environment hook '/home/emmanuel/smartcar/install/smartcar/share/smartcar/hook/ld_library_path_lib.ps1'
[5.304s] INFO:colcon.colcon_core.shell:Creating environment descriptor '/home/emmanuel/smartcar/install/smartcar/share/smartcar/hook/ld_library_path_lib.dsv'
[5.307s] INFO:colcon.colcon_core.shell:Creating environment hook '/home/emmanuel/smartcar/install/smartcar/share/smartcar/hook/ld_library_path_lib.sh'
[5.309s] Level 1:colcon.colcon_core.environment:checking '/home/emmanuel/smartcar/install/smartcar/bin'
[5.310s] Level 1:colcon.colcon_core.environment:checking '/home/emmanuel/smartcar/install/smartcar/lib/pkgconfig/smartcar.pc'
[5.310s] Level 1:colcon.colcon_core.environment:checking '/home/emmanuel/smartcar/install/smartcar/lib/python3.10/site-packages'
[5.312s] Level 1:colcon.colcon_core.environment:checking '/home/emmanuel/smartcar/install/smartcar/bin'
[5.313s] INFO:colcon.colcon_core.shell:Creating package script '/home/emmanuel/smartcar/install/smartcar/share/smartcar/package.ps1'
[5.358s] INFO:colcon.colcon_core.shell:Creating package descriptor '/home/emmanuel/smartcar/install/smartcar/share/smartcar/package.dsv'
[5.401s] INFO:colcon.colcon_core.shell:Creating package script '/home/emmanuel/smartcar/install/smartcar/share/smartcar/package.sh'
[5.405s] INFO:colcon.colcon_core.shell:Creating package script '/home/emmanuel/smartcar/install/smartcar/share/smartcar/package.bash'
[5.450s] INFO:colcon.colcon_core.shell:Creating package script '/home/emmanuel/smartcar/install/smartcar/share/smartcar/package.zsh'
[5.498s] Level 1:colcon.colcon_core.environment:create_file_with_runtime_dependencies(/home/emmanuel/smartcar/install/smartcar/share/colcon-core/packages/smartcar)
[5.499s] Level 1:colcon.colcon_core.environment:create_environment_scripts_only(smartcar)
[5.500s] Level 1:colcon.colcon_core.environment:checking '/home/emmanuel/smartcar/install/smartcar' for CMake module files
[5.501s] Level 1:colcon.colcon_core.environment:checking '/home/emmanuel/smartcar/install/smartcar' for CMake config files
[5.502s] Level 1:colcon.colcon_core.shell:create_environment_hook('smartcar', 'cmake_prefix_path')
[5.502s] INFO:colcon.colcon_core.shell:Creating environment hook '/home/emmanuel/smartcar/install/smartcar/share/smartcar/hook/cmake_prefix_path.ps1'
[5.504s] INFO:colcon.colcon_core.shell:Creating environment descriptor '/home/emmanuel/smartcar/install/smartcar/share/smartcar/hook/cmake_prefix_path.dsv'
[5.506s] INFO:colcon.colcon_core.shell:Creating environment hook '/home/emmanuel/smartcar/install/smartcar/share/smartcar/hook/cmake_prefix_path.sh'
[5.509s] Level 1:colcon.colcon_core.environment:checking '/home/emmanuel/smartcar/install/smartcar/lib'
[5.509s] Level 1:colcon.colcon_core.shell:create_environment_hook('smartcar', 'ld_library_path_lib')
[5.511s] INFO:colcon.colcon_core.shell:Creating environment hook '/home/emmanuel/smartcar/install/smartcar/share/smartcar/hook/ld_library_path_lib.ps1'
[5.514s] INFO:colcon.colcon_core.shell:Creating environment descriptor '/home/emmanuel/smartcar/install/smartcar/share/smartcar/hook/ld_library_path_lib.dsv'
[5.517s] INFO:colcon.colcon_core.shell:Creating environment hook '/home/emmanuel/smartcar/install/smartcar/share/smartcar/hook/ld_library_path_lib.sh'
[5.518s] Level 1:colcon.colcon_core.environment:checking '/home/emmanuel/smartcar/install/smartcar/bin'
[5.519s] Level 1:colcon.colcon_core.environment:checking '/home/emmanuel/smartcar/install/smartcar/lib/pkgconfig/smartcar.pc'
[5.519s] Level 1:colcon.colcon_core.environment:checking '/home/emmanuel/smartcar/install/smartcar/lib/python3.10/site-packages'
[5.521s] Level 1:colcon.colcon_core.environment:checking '/home/emmanuel/smartcar/install/smartcar/bin'
[5.523s] INFO:colcon.colcon_core.shell:Creating package script '/home/emmanuel/smartcar/install/smartcar/share/smartcar/package.ps1'
[5.528s] INFO:colcon.colcon_core.shell:Creating package descriptor '/home/emmanuel/smartcar/install/smartcar/share/smartcar/package.dsv'
[5.531s] INFO:colcon.colcon_core.shell:Creating package script '/home/emmanuel/smartcar/install/smartcar/share/smartcar/package.sh'
[5.532s] INFO:colcon.colcon_core.shell:Creating package script '/home/emmanuel/smartcar/install/smartcar/share/smartcar/package.bash'
[5.535s] INFO:colcon.colcon_core.shell:Creating package script '/home/emmanuel/smartcar/install/smartcar/share/smartcar/package.zsh'
[5.536s] Level 1:colcon.colcon_core.environment:create_file_with_runtime_dependencies(/home/emmanuel/smartcar/install/smartcar/share/colcon-core/packages/smartcar)
[5.537s] DEBUG:colcon.colcon_parallel_executor.executor.parallel:closing loop
[5.538s] DEBUG:colcon.colcon_parallel_executor.executor.parallel:loop closed
[5.538s] DEBUG:colcon.colcon_parallel_executor.executor.parallel:run_until_complete finished with '0'
[5.538s] DEBUG:colcon.colcon_core.event_reactor:joining thread
[5.716s] INFO:colcon.colcon_core.plugin_system:Skipping extension 'colcon_notification.desktop_notification.terminal_notifier': Not used on non-Darwin systems
[5.717s] INFO:colcon.colcon_core.plugin_system:Skipping extension 'colcon_notification.desktop_notification.win32': Not used on non-Windows systems
[5.717s] INFO:colcon.colcon_notification.desktop_notification:Sending desktop notification using 'notify2'
[5.807s] DEBUG:colcon.colcon_core.event_reactor:joined thread
[5.807s] INFO:colcon.colcon_core.shell:Creating prefix script '/home/emmanuel/smartcar/install/local_setup.ps1'
[5.812s] INFO:colcon.colcon_core.shell:Creating prefix util module '/home/emmanuel/smartcar/install/_local_setup_util_ps1.py'
[5.866s] INFO:colcon.colcon_core.shell:Creating prefix chain script '/home/emmanuel/smartcar/install/setup.ps1'
[5.917s] INFO:colcon.colcon_core.shell:Creating prefix script '/home/emmanuel/smartcar/install/local_setup.sh'
[5.968s] INFO:colcon.colcon_core.shell:Creating prefix util module '/home/emmanuel/smartcar/install/_local_setup_util_sh.py'
[5.972s] INFO:colcon.colcon_core.shell:Creating prefix chain script '/home/emmanuel/smartcar/install/setup.sh'
[6.065s] INFO:colcon.colcon_core.shell:Creating prefix script '/home/emmanuel/smartcar/install/local_setup.bash'
[6.114s] INFO:colcon.colcon_core.shell:Creating prefix chain script '/home/emmanuel/smartcar/install/setup.bash'
[6.161s] INFO:colcon.colcon_core.shell:Creating prefix script '/home/emmanuel/smartcar/install/local_setup.zsh'
[6.205s] INFO:colcon.colcon_core.shell:Creating prefix chain script '/home/emmanuel/smartcar/install/setup.zsh'
